<?xml version="1.0" encoding="UTF-8"?>
<testsuites>
  <testsuite name="/Users/imanimanyara/Artisan/projects/opensource/laranail/toolkit/phpunit.xml" tests="1037" assertions="4732" errors="0" failures="0" skipped="1" time="138.251715">
    <testsuite name="Unit" tests="817" assertions="4080" errors="0" failures="0" skipped="1" time="107.473387">
      <testsuite name="Simtabi\Laranail\Toolkit\Tests\Unit\Console\TidyCommandTest" file="Tidy Command (Simtabi\Laranail\Toolkit\Tests\Unit\Console\TidyCommand)" tests="21" assertions="47" errors="0" failures="0" skipped="0" time="3.618166">
        <testcase name="Db action with force runs migrate fresh" file="Tidy Command (Simtabi\Laranail\Toolkit\Tests\Unit\Console\TidyCommand)::Db action with force runs migrate fresh" class="Simtabi\Laranail\Toolkit\Tests\Unit\Console\TidyCommandTest" classname="Simtabi.Laranail.Toolkit.Tests.Unit.Console.TidyCommandTest" assertions="3" time="0.655302"/>
        <testcase name="Cache dry run optimize is previewed in message" file="Tidy Command (Simtabi\Laranail\Toolkit\Tests\Unit\Console\TidyCommand)::Cache dry run optimize is previewed in message" class="Simtabi\Laranail\Toolkit\Tests\Unit\Console\TidyCommandTest" classname="Simtabi.Laranail.Toolkit.Tests.Unit.Console.TidyCommandTest" assertions="2" time="0.129009"/>
        <testcase name="Invalid action fails" file="Tidy Command (Simtabi\Laranail\Toolkit\Tests\Unit\Console\TidyCommand)::Invalid action fails" class="Simtabi\Laranail\Toolkit\Tests\Unit\Console\TidyCommandTest" classname="Simtabi.Laranail.Toolkit.Tests.Unit.Console.TidyCommandTest" assertions="2" time="0.128579"/>
        <testcase name="Db action dry run is noop" file="Tidy Command (Simtabi\Laranail\Toolkit\Tests\Unit\Console\TidyCommand)::Db action dry run is noop" class="Simtabi\Laranail\Toolkit\Tests\Unit\Console\TidyCommandTest" classname="Simtabi.Laranail.Toolkit.Tests.Unit.Console.TidyCommandTest" assertions="2" time="0.131442"/>
        <testcase name="Cache dry run previews" file="Tidy Command (Simtabi\Laranail\Toolkit\Tests\Unit\Console\TidyCommand)::Cache dry run previews" class="Simtabi\Laranail\Toolkit\Tests\Unit\Console\TidyCommandTest" classname="Simtabi.Laranail.Toolkit.Tests.Unit.Console.TidyCommandTest" assertions="2" time="0.134852"/>
        <testcase name="Logs without force in non interactive mode deletes nothing" file="Tidy Command (Simtabi\Laranail\Toolkit\Tests\Unit\Console\TidyCommand)::Logs without force in non interactive mode deletes nothing" class="Simtabi\Laranail\Toolkit\Tests\Unit\Console\TidyCommandTest" classname="Simtabi.Laranail.Toolkit.Tests.Unit.Console.TidyCommandTest" assertions="2" time="0.130861"/>
        <testcase name="Logs action deletes log files in storage" file="Tidy Command (Simtabi\Laranail\Toolkit\Tests\Unit\Console\TidyCommand)::Logs action deletes log files in storage" class="Simtabi\Laranail\Toolkit\Tests\Unit\Console\TidyCommandTest" classname="Simtabi.Laranail.Toolkit.Tests.Unit.Console.TidyCommandTest" assertions="2" time="0.131363"/>
        <testcase name="Age filter keeps recent files" file="Tidy Command (Simtabi\Laranail\Toolkit\Tests\Unit\Console\TidyCommand)::Age filter keeps recent files" class="Simtabi\Laranail\Toolkit\Tests\Unit\Console\TidyCommandTest" classname="Simtabi.Laranail.Toolkit.Tests.Unit.Console.TidyCommandTest" assertions="2" time="0.131187"/>
        <testcase name="Dry run deletes nothing and reports" file="Tidy Command (Simtabi\Laranail\Toolkit\Tests\Unit\Console\TidyCommand)::Dry run deletes nothing and reports" class="Simtabi\Laranail\Toolkit\Tests\Unit\Console\TidyCommandTest" classname="Simtabi.Laranail.Toolkit.Tests.Unit.Console.TidyCommandTest" assertions="3" time="0.133975"/>
        <testcase name="Db action requires force" file="Tidy Command (Simtabi\Laranail\Toolkit\Tests\Unit\Console\TidyCommand)::Db action requires force" class="Simtabi\Laranail\Toolkit\Tests\Unit\Console\TidyCommandTest" classname="Simtabi.Laranail.Toolkit.Tests.Unit.Console.TidyCommandTest" assertions="2" time="0.130289"/>
        <testcase name="Deletion is confined to storage path in source" file="Tidy Command (Simtabi\Laranail\Toolkit\Tests\Unit\Console\TidyCommand)::Deletion is confined to storage path in source" class="Simtabi\Laranail\Toolkit\Tests\Unit\Console\TidyCommandTest" classname="Simtabi.Laranail.Toolkit.Tests.Unit.Console.TidyCommandTest" assertions="4" time="0.140094"/>
        <testcase name="Temp action deletes temp files" file="Tidy Command (Simtabi\Laranail\Toolkit\Tests\Unit\Console\TidyCommand)::Temp action deletes temp files" class="Simtabi\Laranail\Toolkit\Tests\Unit\Console\TidyCommandTest" classname="Simtabi.Laranail.Toolkit.Tests.Unit.Console.TidyCommandTest" assertions="2" time="0.136272"/>
        <testcase name="Storage action deletes uploaded files" file="Tidy Command (Simtabi\Laranail\Toolkit\Tests\Unit\Console\TidyCommand)::Storage action deletes uploaded files" class="Simtabi\Laranail\Toolkit\Tests\Unit\Console\TidyCommandTest" classname="Simtabi.Laranail.Toolkit.Tests.Unit.Console.TidyCommandTest" assertions="2" time="0.139007"/>
        <testcase name="Size filter only deletes large files" file="Tidy Command (Simtabi\Laranail\Toolkit\Tests\Unit\Console\TidyCommand)::Size filter only deletes large files" class="Simtabi\Laranail\Toolkit\Tests\Unit\Console\TidyCommandTest" classname="Simtabi.Laranail.Toolkit.Tests.Unit.Console.TidyCommandTest" assertions="3" time="0.136676"/>
        <testcase name="Gitignore is never deleted" file="Tidy Command (Simtabi\Laranail\Toolkit\Tests\Unit\Console\TidyCommand)::Gitignore is never deleted" class="Simtabi\Laranail\Toolkit\Tests\Unit\Console\TidyCommandTest" classname="Simtabi.Laranail.Toolkit.Tests.Unit.Console.TidyCommandTest" assertions="2" time="0.138703"/>
        <testcase name="Symlink escaping storage is not deleted" file="Tidy Command (Simtabi\Laranail\Toolkit\Tests\Unit\Console\TidyCommand)::Symlink escaping storage is not deleted" class="Simtabi\Laranail\Toolkit\Tests\Unit\Console\TidyCommandTest" classname="Simtabi.Laranail.Toolkit.Tests.Unit.Console.TidyCommandTest" assertions="3" time="0.140357"/>
        <testcase name="Cache action succeeds" file="Tidy Command (Simtabi\Laranail\Toolkit\Tests\Unit\Console\TidyCommand)::Cache action succeeds" class="Simtabi\Laranail\Toolkit\Tests\Unit\Console\TidyCommandTest" classname="Simtabi.Laranail.Toolkit.Tests.Unit.Console.TidyCommandTest" assertions="1" time="0.149344"/>
        <testcase name="Age filter deletes files older than threshold" file="Tidy Command (Simtabi\Laranail\Toolkit\Tests\Unit\Console\TidyCommand)::Age filter deletes files older than threshold" class="Simtabi\Laranail\Toolkit\Tests\Unit\Console\TidyCommandTest" classname="Simtabi.Laranail.Toolkit.Tests.Unit.Console.TidyCommandTest" assertions="2" time="0.168336"/>
        <testcase name="All excludes db action" file="Tidy Command (Simtabi\Laranail\Toolkit\Tests\Unit\Console\TidyCommand)::All excludes db action" class="Simtabi\Laranail\Toolkit\Tests\Unit\Console\TidyCommandTest" classname="Simtabi.Laranail.Toolkit.Tests.Unit.Console.TidyCommandTest" assertions="3" time="0.154534"/>
        <testcase name="Command is registered under namespaced name and alias" file="Tidy Command (Simtabi\Laranail\Toolkit\Tests\Unit\Console\TidyCommand)::Command is registered under namespaced name and alias" class="Simtabi\Laranail\Toolkit\Tests\Unit\Console\TidyCommandTest" classname="Simtabi.Laranail.Toolkit.Tests.Unit.Console.TidyCommandTest" assertions="2" time="0.205834"/>
        <testcase name="Cache optimize flag also clears optimized caches" file="Tidy Command (Simtabi\Laranail\Toolkit\Tests\Unit\Console\TidyCommand)::Cache optimize flag also clears optimized caches" class="Simtabi\Laranail\Toolkit\Tests\Unit\Console\TidyCommandTest" classname="Simtabi.Laranail.Toolkit.Tests.Unit.Console.TidyCommandTest" assertions="1" time="0.272151"/>
      </testsuite>
      <testsuite name="Simtabi\Laranail\Toolkit\Tests\Unit\Laravel\Macros\ArrMacrosBehaviorTest" file="Arr Macros Behavior (Simtabi\Laranail\Toolkit\Tests\Unit\Laravel\Macros\ArrMacrosBehavior)" tests="16" assertions="29" errors="0" failures="0" skipped="0" time="2.161571">
        <testcase name="Rename keys maps many and skips missing" file="Arr Macros Behavior (Simtabi\Laranail\Toolkit\Tests\Unit\Laravel\Macros\ArrMacrosBehavior)::Rename keys maps many and skips missing" class="Simtabi\Laranail\Toolkit\Tests\Unit\Laravel\Macros\ArrMacrosBehaviorTest" classname="Simtabi.Laranail.Toolkit.Tests.Unit.Laravel.Macros.ArrMacrosBehaviorTest" assertions="1" time="0.173612"/>
        <testcase name="Average handles keys non numerics and empty" file="Arr Macros Behavior (Simtabi\Laranail\Toolkit\Tests\Unit\Laravel\Macros\ArrMacrosBehavior)::Average handles keys non numerics and empty" class="Simtabi\Laranail\Toolkit\Tests\Unit\Laravel\Macros\ArrMacrosBehaviorTest" classname="Simtabi.Laranail.Toolkit.Tests.Unit.Laravel.Macros.ArrMacrosBehaviorTest" assertions="4" time="0.128674"/>
        <testcase name="Median odd even and empty" file="Arr Macros Behavior (Simtabi\Laranail\Toolkit\Tests\Unit\Laravel\Macros\ArrMacrosBehavior)::Median odd even and empty" class="Simtabi\Laranail\Toolkit\Tests\Unit\Laravel\Macros\ArrMacrosBehaviorTest" classname="Simtabi.Laranail.Toolkit.Tests.Unit.Laravel.Macros.ArrMacrosBehaviorTest" assertions="4" time="0.131522"/>
        <testcase name="Map keys rewrites keys via callback" file="Arr Macros Behavior (Simtabi\Laranail\Toolkit\Tests\Unit\Laravel\Macros\ArrMacrosBehavior)::Map keys rewrites keys via callback" class="Simtabi\Laranail\Toolkit\Tests\Unit\Laravel\Macros\ArrMacrosBehaviorTest" classname="Simtabi.Laranail.Toolkit.Tests.Unit.Laravel.Macros.ArrMacrosBehaviorTest" assertions="2" time="0.129958"/>
        <testcase name="Group by key groups and skips non scalar keys" file="Arr Macros Behavior (Simtabi\Laranail\Toolkit\Tests\Unit\Laravel\Macros\ArrMacrosBehavior)::Group by key groups and skips non scalar keys" class="Simtabi\Laranail\Toolkit\Tests\Unit\Laravel\Macros\ArrMacrosBehaviorTest" classname="Simtabi.Laranail.Toolkit.Tests.Unit.Laravel.Macros.ArrMacrosBehaviorTest" assertions="2" time="0.129631"/>
        <testcase name="Insert after inserts following the key" file="Arr Macros Behavior (Simtabi\Laranail\Toolkit\Tests\Unit\Laravel\Macros\ArrMacrosBehavior)::Insert after inserts following the key" class="Simtabi\Laranail\Toolkit\Tests\Unit\Laravel\Macros\ArrMacrosBehaviorTest" classname="Simtabi.Laranail.Toolkit.Tests.Unit.Laravel.Macros.ArrMacrosBehaviorTest" assertions="1" time="0.133291"/>
        <testcase name="Insert before inserts preceding the key" file="Arr Macros Behavior (Simtabi\Laranail\Toolkit\Tests\Unit\Laravel\Macros\ArrMacrosBehavior)::Insert before inserts preceding the key" class="Simtabi\Laranail\Toolkit\Tests\Unit\Laravel\Macros\ArrMacrosBehaviorTest" classname="Simtabi.Laranail.Toolkit.Tests.Unit.Laravel.Macros.ArrMacrosBehaviorTest" assertions="1" time="0.130006"/>
        <testcase name="Insert before prepends when key missing" file="Arr Macros Behavior (Simtabi\Laranail\Toolkit\Tests\Unit\Laravel\Macros\ArrMacrosBehavior)::Insert before prepends when key missing" class="Simtabi\Laranail\Toolkit\Tests\Unit\Laravel\Macros\ArrMacrosBehaviorTest" classname="Simtabi.Laranail.Toolkit.Tests.Unit.Laravel.Macros.ArrMacrosBehaviorTest" assertions="1" time="0.130274"/>
        <testcase name="Remove value drops strictly equal and reindexes" file="Arr Macros Behavior (Simtabi\Laranail\Toolkit\Tests\Unit\Laravel\Macros\ArrMacrosBehavior)::Remove value drops strictly equal and reindexes" class="Simtabi\Laranail\Toolkit\Tests\Unit\Laravel\Macros\ArrMacrosBehaviorTest" classname="Simtabi.Laranail.Toolkit.Tests.Unit.Laravel.Macros.ArrMacrosBehaviorTest" assertions="2" time="0.134249"/>
        <testcase name="Rename key preserves order and noops when absent" file="Arr Macros Behavior (Simtabi\Laranail\Toolkit\Tests\Unit\Laravel\Macros\ArrMacrosBehavior)::Rename key preserves order and noops when absent" class="Simtabi\Laranail\Toolkit\Tests\Unit\Laravel\Macros\ArrMacrosBehaviorTest" classname="Simtabi.Laranail.Toolkit.Tests.Unit.Laravel.Macros.ArrMacrosBehaviorTest" assertions="2" time="0.133479"/>
        <testcase name="Sort by keys orders by given keys then unknown last" file="Arr Macros Behavior (Simtabi\Laranail\Toolkit\Tests\Unit\Laravel\Macros\ArrMacrosBehavior)::Sort by keys orders by given keys then unknown last" class="Simtabi\Laranail\Toolkit\Tests\Unit\Laravel\Macros\ArrMacrosBehaviorTest" classname="Simtabi.Laranail.Toolkit.Tests.Unit.Laravel.Macros.ArrMacrosBehaviorTest" assertions="1" time="0.133867"/>
        <testcase name="Filter nulls keeps falsey non nulls" file="Arr Macros Behavior (Simtabi\Laranail\Toolkit\Tests\Unit\Laravel\Macros\ArrMacrosBehavior)::Filter nulls keeps falsey non nulls" class="Simtabi\Laranail\Toolkit\Tests\Unit\Laravel\Macros\ArrMacrosBehaviorTest" classname="Simtabi.Laranail.Toolkit.Tests.Unit.Laravel.Macros.ArrMacrosBehaviorTest" assertions="2" time="0.132111"/>
        <testcase name="Insert after appends when key missing" file="Arr Macros Behavior (Simtabi\Laranail\Toolkit\Tests\Unit\Laravel\Macros\ArrMacrosBehavior)::Insert after appends when key missing" class="Simtabi\Laranail\Toolkit\Tests\Unit\Laravel\Macros\ArrMacrosBehaviorTest" classname="Simtabi.Laranail.Toolkit.Tests.Unit.Laravel.Macros.ArrMacrosBehaviorTest" assertions="1" time="0.133331"/>
        <testcase name="Remove values drops any listed value" file="Arr Macros Behavior (Simtabi\Laranail\Toolkit\Tests\Unit\Laravel\Macros\ArrMacrosBehavior)::Remove values drops any listed value" class="Simtabi\Laranail\Toolkit\Tests\Unit\Laravel\Macros\ArrMacrosBehaviorTest" classname="Simtabi.Laranail.Toolkit.Tests.Unit.Laravel.Macros.ArrMacrosBehaviorTest" assertions="2" time="0.134725"/>
        <testcase name="Unique by keeps first per key" file="Arr Macros Behavior (Simtabi\Laranail\Toolkit\Tests\Unit\Laravel\Macros\ArrMacrosBehavior)::Unique by keeps first per key" class="Simtabi\Laranail\Toolkit\Tests\Unit\Laravel\Macros\ArrMacrosBehaviorTest" classname="Simtabi.Laranail.Toolkit.Tests.Unit.Laravel.Macros.ArrMacrosBehaviorTest" assertions="1" time="0.140594"/>
        <testcase name="Filter empty drops only empty values" file="Arr Macros Behavior (Simtabi\Laranail\Toolkit\Tests\Unit\Laravel\Macros\ArrMacrosBehavior)::Filter empty drops only empty values" class="Simtabi\Laranail\Toolkit\Tests\Unit\Laravel\Macros\ArrMacrosBehaviorTest" classname="Simtabi.Laranail.Toolkit.Tests.Unit.Laravel.Macros.ArrMacrosBehaviorTest" assertions="2" time="0.132248"/>
      </testsuite>
      <testsuite name="Simtabi\Laranail\Toolkit\Tests\Unit\Modules\Atlas\AtlasServiceProviderTest" file="Atlas Service Provider (Simtabi\Laranail\Toolkit\Tests\Unit\Modules\Atlas\AtlasServiceProvider)" tests="5" assertions="11" errors="0" failures="0" skipped="0" time="0.712765">
        <testcase name="Config is merged under the module namespace" file="Atlas Service Provider (Simtabi\Laranail\Toolkit\Tests\Unit\Modules\Atlas\AtlasServiceProvider)::Config is merged under the module namespace" class="Simtabi\Laranail\Toolkit\Tests\Unit\Modules\Atlas\AtlasServiceProviderTest" classname="Simtabi.Laranail.Toolkit.Tests.Unit.Modules.Atlas.AtlasServiceProviderTest" assertions="2" time="0.157252"/>
        <testcase name="Continents config is merged under the atlas namespace" file="Atlas Service Provider (Simtabi\Laranail\Toolkit\Tests\Unit\Modules\Atlas\AtlasServiceProvider)::Continents config is merged under the atlas namespace" class="Simtabi\Laranail\Toolkit\Tests\Unit\Modules\Atlas\AtlasServiceProviderTest" classname="Simtabi.Laranail.Toolkit.Tests.Unit.Modules.Atlas.AtlasServiceProviderTest" assertions="3" time="0.134080"/>
        <testcase name="Languages config is merged under the atlas namespace" file="Atlas Service Provider (Simtabi\Laranail\Toolkit\Tests\Unit\Modules\Atlas\AtlasServiceProvider)::Languages config is merged under the atlas namespace" class="Simtabi\Laranail\Toolkit\Tests\Unit\Modules\Atlas\AtlasServiceProviderTest" classname="Simtabi.Laranail.Toolkit.Tests.Unit.Modules.Atlas.AtlasServiceProviderTest" assertions="4" time="0.133307"/>
        <testcase name="Default label config drives for select box" file="Atlas Service Provider (Simtabi\Laranail\Toolkit\Tests\Unit\Modules\Atlas\AtlasServiceProvider)::Default label config drives for select box" class="Simtabi\Laranail\Toolkit\Tests\Unit\Modules\Atlas\AtlasServiceProviderTest" classname="Simtabi.Laranail.Toolkit.Tests.Unit.Modules.Atlas.AtlasServiceProviderTest" assertions="1" time="0.157965"/>
        <testcase name="Provides lists the deferred bindings" file="Atlas Service Provider (Simtabi\Laranail\Toolkit\Tests\Unit\Modules\Atlas\AtlasServiceProvider)::Provides lists the deferred bindings" class="Simtabi\Laranail\Toolkit\Tests\Unit\Modules\Atlas\AtlasServiceProviderTest" classname="Simtabi.Laranail.Toolkit.Tests.Unit.Modules.Atlas.AtlasServiceProviderTest" assertions="1" time="0.130161"/>
      </testsuite>
      <testsuite name="Simtabi\Laranail\Toolkit\Tests\Unit\Modules\Captcha\CaptchaServiceTest" file="Captcha Service (Simtabi\Laranail\Toolkit\Tests\Unit\Modules\Captcha\CaptchaService)" tests="16" assertions="26" errors="0" failures="0" skipped="0" time="2.180112">
        <testcase name="Config merge exposes default provider" file="Captcha Service (Simtabi\Laranail\Toolkit\Tests\Unit\Modules\Captcha\CaptchaService)::Config merge exposes default provider" class="Simtabi\Laranail\Toolkit\Tests\Unit\Modules\Captcha\CaptchaServiceTest" classname="Simtabi.Laranail.Toolkit.Tests.Unit.Modules.Captcha.CaptchaServiceTest" assertions="1" time="0.136423"/>
        <testcase name="Get site key returns the configured key" file="Captcha Service (Simtabi\Laranail\Toolkit\Tests\Unit\Modules\Captcha\CaptchaService)::Get site key returns the configured key" class="Simtabi\Laranail\Toolkit\Tests\Unit\Modules\Captcha\CaptchaServiceTest" classname="Simtabi.Laranail.Toolkit.Tests.Unit.Modules.Captcha.CaptchaServiceTest" assertions="1" time="0.131837"/>
        <testcase name="Verify with all providers runs every driver" file="Captcha Service (Simtabi\Laranail\Toolkit\Tests\Unit\Modules\Captcha\CaptchaService)::Verify with all providers runs every driver" class="Simtabi\Laranail\Toolkit\Tests\Unit\Modules\Captcha\CaptchaServiceTest" classname="Simtabi.Laranail.Toolkit.Tests.Unit.Modules.Captcha.CaptchaServiceTest" assertions="3" time="0.177426"/>
        <testcase name="Verify through service uses selected provider" file="Captcha Service (Simtabi\Laranail\Toolkit\Tests\Unit\Modules\Captcha\CaptchaService)::Verify through service uses selected provider" class="Simtabi\Laranail\Toolkit\Tests\Unit\Modules\Captcha\CaptchaServiceTest" classname="Simtabi.Laranail.Toolkit.Tests.Unit.Modules.Captcha.CaptchaServiceTest" assertions="3" time="0.132825"/>
        <testcase name="Service resolves from the container" file="Captcha Service (Simtabi\Laranail\Toolkit\Tests\Unit\Modules\Captcha\CaptchaService)::Service resolves from the container" class="Simtabi\Laranail\Toolkit\Tests\Unit\Modules\Captcha\CaptchaServiceTest" classname="Simtabi.Laranail.Toolkit.Tests.Unit.Modules.Captcha.CaptchaServiceTest" assertions="2" time="0.135602"/>
        <testcase name="Verify returns failure when provider unconfigured" file="Captcha Service (Simtabi\Laranail\Toolkit\Tests\Unit\Modules\Captcha\CaptchaService)::Verify returns failure when provider unconfigured" class="Simtabi\Laranail\Toolkit\Tests\Unit\Modules\Captcha\CaptchaServiceTest" classname="Simtabi.Laranail.Toolkit.Tests.Unit.Modules.Captcha.CaptchaServiceTest" assertions="1" time="0.131777"/>
        <testcase name="Named providers resolve to correct drivers" file="Captcha Service (Simtabi\Laranail\Toolkit\Tests\Unit\Modules\Captcha\CaptchaService)::Named providers resolve to correct drivers" class="Simtabi\Laranail\Toolkit\Tests\Unit\Modules\Captcha\CaptchaServiceTest" classname="Simtabi.Laranail.Toolkit.Tests.Unit.Modules.Captcha.CaptchaServiceTest" assertions="4" time="0.131000"/>
        <testcase name="Get provider names returns allow list" file="Captcha Service (Simtabi\Laranail\Toolkit\Tests\Unit\Modules\Captcha\CaptchaService)::Get provider names returns allow list" class="Simtabi\Laranail\Toolkit\Tests\Unit\Modules\Captcha\CaptchaServiceTest" classname="Simtabi.Laranail.Toolkit.Tests.Unit.Modules.Captcha.CaptchaServiceTest" assertions="1" time="0.131505"/>
        <testcase name="Has provider reports allow list membership" file="Captcha Service (Simtabi\Laranail\Toolkit\Tests\Unit\Modules\Captcha\CaptchaService)::Has provider reports allow list membership" class="Simtabi\Laranail\Toolkit\Tests\Unit\Modules\Captcha\CaptchaServiceTest" classname="Simtabi.Laranail.Toolkit.Tests.Unit.Modules.Captcha.CaptchaServiceTest" assertions="2" time="0.132501"/>
        <testcase name="Has configured provider is true when secrets present" file="Captcha Service (Simtabi\Laranail\Toolkit\Tests\Unit\Modules\Captcha\CaptchaService)::Has configured provider is true when secrets present" class="Simtabi\Laranail\Toolkit\Tests\Unit\Modules\Captcha\CaptchaServiceTest" classname="Simtabi.Laranail.Toolkit.Tests.Unit.Modules.Captcha.CaptchaServiceTest" assertions="1" time="0.132291"/>
        <testcase name="Default provider from config resolves recaptcha driver" file="Captcha Service (Simtabi\Laranail\Toolkit\Tests\Unit\Modules\Captcha\CaptchaService)::Default provider from config resolves recaptcha driver" class="Simtabi\Laranail\Toolkit\Tests\Unit\Modules\Captcha\CaptchaServiceTest" classname="Simtabi.Laranail.Toolkit.Tests.Unit.Modules.Captcha.CaptchaServiceTest" assertions="1" time="0.131535"/>
        <testcase name="Unknown provider name is rejected" file="Captcha Service (Simtabi\Laranail\Toolkit\Tests\Unit\Modules\Captcha\CaptchaService)::Unknown provider name is rejected" class="Simtabi\Laranail\Toolkit\Tests\Unit\Modules\Captcha\CaptchaServiceTest" classname="Simtabi.Laranail.Toolkit.Tests.Unit.Modules.Captcha.CaptchaServiceTest" assertions="1" time="0.133855"/>
        <testcase name="Set default provider rejects unknown name" file="Captcha Service (Simtabi\Laranail\Toolkit\Tests\Unit\Modules\Captcha\CaptchaService)::Set default provider rejects unknown name" class="Simtabi\Laranail\Toolkit\Tests\Unit\Modules\Captcha\CaptchaServiceTest" classname="Simtabi.Laranail.Toolkit.Tests.Unit.Modules.Captcha.CaptchaServiceTest" assertions="1" time="0.135240"/>
        <testcase name="Register provider overrides an allow listed name" file="Captcha Service (Simtabi\Laranail\Toolkit\Tests\Unit\Modules\Captcha\CaptchaService)::Register provider overrides an allow listed name" class="Simtabi\Laranail\Toolkit\Tests\Unit\Modules\Captcha\CaptchaServiceTest" classname="Simtabi.Laranail.Toolkit.Tests.Unit.Modules.Captcha.CaptchaServiceTest" assertions="1" time="0.135103"/>
        <testcase name="Register provider rejects a disallowed name" file="Captcha Service (Simtabi\Laranail\Toolkit\Tests\Unit\Modules\Captcha\CaptchaService)::Register provider rejects a disallowed name" class="Simtabi\Laranail\Toolkit\Tests\Unit\Modules\Captcha\CaptchaServiceTest" classname="Simtabi.Laranail.Toolkit.Tests.Unit.Modules.Captcha.CaptchaServiceTest" assertions="1" time="0.136286"/>
        <testcase name="Set and get default provider round trip" file="Captcha Service (Simtabi\Laranail\Toolkit\Tests\Unit\Modules\Captcha\CaptchaService)::Set and get default provider round trip" class="Simtabi\Laranail\Toolkit\Tests\Unit\Modules\Captcha\CaptchaServiceTest" classname="Simtabi.Laranail.Toolkit.Tests.Unit.Modules.Captcha.CaptchaServiceTest" assertions="2" time="0.134905"/>
      </testsuite>
      <testsuite name="Simtabi\Laranail\Toolkit\Tests\Unit\Modules\FacadesTest" file="Facades (Simtabi\Laranail\Toolkit\Tests\Unit\Modules\Facades)" tests="16" assertions="44" errors="0" failures="0" skipped="0" time="2.178794">
        <testcase name="Llm binding selects claude when configured" file="Facades (Simtabi\Laranail\Toolkit\Tests\Unit\Modules\Facades)::Llm binding selects claude when configured" class="Simtabi\Laranail\Toolkit\Tests\Unit\Modules\FacadesTest" classname="Simtabi.Laranail.Toolkit.Tests.Unit.Modules.FacadesTest" assertions="1" time="0.157833"/>
        <testcase name="Llm binding selects gemini when configured" file="Facades (Simtabi\Laranail\Toolkit\Tests\Unit\Modules\Facades)::Llm binding selects gemini when configured" class="Simtabi\Laranail\Toolkit\Tests\Unit\Modules\FacadesTest" classname="Simtabi.Laranail.Toolkit.Tests.Unit.Modules.FacadesTest" assertions="1" time="0.127953"/>
        <testcase name="Llm facade resolves the default provider" file="Facades (Simtabi\Laranail\Toolkit\Tests\Unit\Modules\Facades)::Llm facade resolves the default provider" class="Simtabi\Laranail\Toolkit\Tests\Unit\Modules\FacadesTest" classname="Simtabi.Laranail.Toolkit.Tests.Unit.Modules.FacadesTest" assertions="1" time="0.144747"/>
        <testcase name="Gravatar facade proxies a method call" file="Facades (Simtabi\Laranail\Toolkit\Tests\Unit\Modules\Facades)::Gravatar facade proxies a method call" class="Simtabi\Laranail\Toolkit\Tests\Unit\Modules\FacadesTest" classname="Simtabi.Laranail.Toolkit.Tests.Unit.Modules.FacadesTest" assertions="1" time="0.132556"/>
        <testcase name="Laranail and toolkit resolve the same manager and services" file="Facades (Simtabi\Laranail\Toolkit\Tests\Unit\Modules\Facades)::Laranail and toolkit resolve the same manager and services" class="Simtabi\Laranail\Toolkit\Tests\Unit\Modules\FacadesTest" classname="Simtabi.Laranail.Toolkit.Tests.Unit.Modules.FacadesTest" assertions="4" time="0.134957"/>
        <testcase name="Avatar facade resolves its root" file="Facades (Simtabi\Laranail\Toolkit\Tests\Unit\Modules\Facades)::Avatar facade resolves its root" class="Simtabi\Laranail\Toolkit\Tests\Unit\Modules\FacadesTest" classname="Simtabi.Laranail.Toolkit.Tests.Unit.Modules.FacadesTest" assertions="1" time="0.135371"/>
        <testcase name="Gravatar facade resolves its root" file="Facades (Simtabi\Laranail\Toolkit\Tests\Unit\Modules\Facades)::Gravatar facade resolves its root" class="Simtabi\Laranail\Toolkit\Tests\Unit\Modules\FacadesTest" classname="Simtabi.Laranail.Toolkit.Tests.Unit.Modules.FacadesTest" assertions="1" time="0.127941"/>
        <testcase name="Toolkit facade chains into a module" file="Facades (Simtabi\Laranail\Toolkit\Tests\Unit\Modules\Facades)::Toolkit facade chains into a module" class="Simtabi\Laranail\Toolkit\Tests\Unit\Modules\FacadesTest" classname="Simtabi.Laranail.Toolkit.Tests.Unit.Modules.FacadesTest" assertions="1" time="0.129421"/>
        <testcase name="Captcha facade resolves its root" file="Facades (Simtabi\Laranail\Toolkit\Tests\Unit\Modules\Facades)::Captcha facade resolves its root" class="Simtabi\Laranail\Toolkit\Tests\Unit\Modules\FacadesTest" classname="Simtabi.Laranail.Toolkit.Tests.Unit.Modules.FacadesTest" assertions="1" time="0.131320"/>
        <testcase name="Llm provider is registered exactly once" file="Facades (Simtabi\Laranail\Toolkit\Tests\Unit\Modules\Facades)::Llm provider is registered exactly once" class="Simtabi\Laranail\Toolkit\Tests\Unit\Modules\FacadesTest" classname="Simtabi.Laranail.Toolkit.Tests.Unit.Modules.FacadesTest" assertions="3" time="0.136318"/>
        <testcase name="Toolkit facade fronts auth atlas and livewire" file="Facades (Simtabi\Laranail\Toolkit\Tests\Unit\Modules\Facades)::Toolkit facade fronts auth atlas and livewire" class="Simtabi\Laranail\Toolkit\Tests\Unit\Modules\FacadesTest" classname="Simtabi.Laranail.Toolkit.Tests.Unit.Modules.FacadesTest" assertions="3" time="0.135178"/>
        <testcase name="Toolkit facade fronts the newly exposed services" file="Facades (Simtabi\Laranail\Toolkit\Tests\Unit\Modules\Facades)::Toolkit facade fronts the newly exposed services" class="Simtabi\Laranail\Toolkit\Tests\Unit\Modules\FacadesTest" classname="Simtabi.Laranail.Toolkit.Tests.Unit.Modules.FacadesTest" assertions="10" time="0.136510"/>
        <testcase name="Toolkit facade fronts each cross cutting service" file="Facades (Simtabi\Laranail\Toolkit\Tests\Unit\Modules\Facades)::Toolkit facade fronts each cross cutting service" class="Simtabi\Laranail\Toolkit\Tests\Unit\Modules\FacadesTest" classname="Simtabi.Laranail.Toolkit.Tests.Unit.Modules.FacadesTest" assertions="7" time="0.147164"/>
        <testcase name="Toolkit facade fronts each module" file="Facades (Simtabi\Laranail\Toolkit\Tests\Unit\Modules\Facades)::Toolkit facade fronts each module" class="Simtabi\Laranail\Toolkit\Tests\Unit\Modules\FacadesTest" classname="Simtabi.Laranail.Toolkit.Tests.Unit.Modules.FacadesTest" assertions="4" time="0.133546"/>
        <testcase name="Llm binding selects openai by default" file="Facades (Simtabi\Laranail\Toolkit\Tests\Unit\Modules\Facades)::Llm binding selects openai by default" class="Simtabi\Laranail\Toolkit\Tests\Unit\Modules\FacadesTest" classname="Simtabi.Laranail.Toolkit.Tests.Unit.Modules.FacadesTest" assertions="1" time="0.133565"/>
        <testcase name="Laranail facade fronts each module" file="Facades (Simtabi\Laranail\Toolkit\Tests\Unit\Modules\Facades)::Laranail facade fronts each module" class="Simtabi\Laranail\Toolkit\Tests\Unit\Modules\FacadesTest" classname="Simtabi.Laranail.Toolkit.Tests.Unit.Modules.FacadesTest" assertions="4" time="0.134415"/>
      </testsuite>
      <testsuite name="Simtabi\Laranail\Toolkit\Tests\Unit\Modules\Security\PassphraseTest" file="Passphrase (Simtabi\Laranail\Toolkit\Tests\Unit\Modules\Security\Passphrase)" tests="23" assertions="51" errors="0" failures="0" skipped="0" time="3.119239">
        <testcase name="Memorable default is six hyphenated words" file="Passphrase (Simtabi\Laranail\Toolkit\Tests\Unit\Modules\Security\Passphrase)::Memorable default is six hyphenated words" class="Simtabi\Laranail\Toolkit\Tests\Unit\Modules\Security\PassphraseTest" classname="Simtabi.Laranail.Toolkit.Tests.Unit.Modules.Security.PassphraseTest" assertions="1" time="0.167817"/>
        <testcase name="Word count is respected" file="Passphrase (Simtabi\Laranail\Toolkit\Tests\Unit\Modules\Security\Passphrase)::Word count is respected" class="Simtabi\Laranail\Toolkit\Tests\Unit\Modules\Security\PassphraseTest" classname="Simtabi.Laranail.Toolkit.Tests.Unit.Modules.Security.PassphraseTest" assertions="1" time="0.127286"/>
        <testcase name="Capitalize none is all lowercase" file="Passphrase (Simtabi\Laranail\Toolkit\Tests\Unit\Modules\Security\Passphrase)::Capitalize none is all lowercase" class="Simtabi\Laranail\Toolkit\Tests\Unit\Modules\Security\PassphraseTest" classname="Simtabi.Laranail.Toolkit.Tests.Unit.Modules.Security.PassphraseTest" assertions="1" time="0.131636"/>
        <testcase name="Metadata includes number and symbol tokens" file="Passphrase (Simtabi\Laranail\Toolkit\Tests\Unit\Modules\Security\Passphrase)::Metadata includes number and symbol tokens" class="Simtabi\Laranail\Toolkit\Tests\Unit\Modules\Security\PassphraseTest" classname="Simtabi.Laranail.Toolkit.Tests.Unit.Modules.Security.PassphraseTest" assertions="2" time="0.129990"/>
        <testcase name="Invalid capitalize throws" file="Passphrase (Simtabi\Laranail\Toolkit\Tests\Unit\Modules\Security\Passphrase)::Invalid capitalize throws" class="Simtabi\Laranail\Toolkit\Tests\Unit\Modules\Security\PassphraseTest" classname="Simtabi.Laranail.Toolkit.Tests.Unit.Modules.Security.PassphraseTest" assertions="1" time="0.127947"/>
        <testcase name="Default aliases memorable" file="Passphrase (Simtabi\Laranail\Toolkit\Tests\Unit\Modules\Security\Passphrase)::Default aliases memorable" class="Simtabi\Laranail\Toolkit\Tests\Unit\Modules\Security\PassphraseTest" classname="Simtabi.Laranail.Toolkit.Tests.Unit.Modules.Security.PassphraseTest" assertions="1" time="0.128762"/>
        <testcase name="Capitalize first capitalises only the first word" file="Passphrase (Simtabi\Laranail\Toolkit\Tests\Unit\Modules\Security\Passphrase)::Capitalize first capitalises only the first word" class="Simtabi\Laranail\Toolkit\Tests\Unit\Modules\Security\PassphraseTest" classname="Simtabi.Laranail.Toolkit.Tests.Unit.Modules.Security.PassphraseTest" assertions="3" time="0.128868"/>
        <testcase name="Word count out of range throws" file="Passphrase (Simtabi\Laranail\Toolkit\Tests\Unit\Modules\Security\Passphrase)::Word count out of range throws" class="Simtabi\Laranail\Toolkit\Tests\Unit\Modules\Security\PassphraseTest" classname="Simtabi.Laranail.Toolkit.Tests.Unit.Modules.Security.PassphraseTest" assertions="1" time="0.131129"/>
        <testcase name="Invalid separator throws" file="Passphrase (Simtabi\Laranail\Toolkit\Tests\Unit\Modules\Security\Passphrase)::Invalid separator throws" class="Simtabi\Laranail\Toolkit\Tests\Unit\Modules\Security\PassphraseTest" classname="Simtabi.Laranail.Toolkit.Tests.Unit.Modules.Security.PassphraseTest" assertions="1" time="0.131812"/>
        <testcase name="With random symbol appends one symbol" file="Passphrase (Simtabi\Laranail\Toolkit\Tests\Unit\Modules\Security\Passphrase)::With random symbol appends one symbol" class="Simtabi\Laranail\Toolkit\Tests\Unit\Modules\Security\PassphraseTest" classname="Simtabi.Laranail.Toolkit.Tests.Unit.Modules.Security.PassphraseTest" assertions="3" time="0.131191"/>
        <testcase name="Metadata reports entropy and words" file="Passphrase (Simtabi\Laranail\Toolkit\Tests\Unit\Modules\Security\Passphrase)::Metadata reports entropy and words" class="Simtabi\Laranail\Toolkit\Tests\Unit\Modules\Security\PassphraseTest" classname="Simtabi.Laranail.Toolkit.Tests.Unit.Modules.Security.PassphraseTest" assertions="4" time="0.131329"/>
        <testcase name="With number zero throws" file="Passphrase (Simtabi\Laranail\Toolkit\Tests\Unit\Modules\Security\Passphrase)::With number zero throws" class="Simtabi\Laranail\Toolkit\Tests\Unit\Modules\Security\PassphraseTest" classname="Simtabi.Laranail.Toolkit.Tests.Unit.Modules.Security.PassphraseTest" assertions="1" time="0.130414"/>
        <testcase name="Capitalize all is uppercase" file="Passphrase (Simtabi\Laranail\Toolkit\Tests\Unit\Modules\Security\Passphrase)::Capitalize all is uppercase" class="Simtabi\Laranail\Toolkit\Tests\Unit\Modules\Security\PassphraseTest" classname="Simtabi.Laranail.Toolkit.Tests.Unit.Modules.Security.PassphraseTest" assertions="1" time="0.131334"/>
        <testcase name="To string yields a passphrase" file="Passphrase (Simtabi\Laranail\Toolkit\Tests\Unit\Modules\Security\Passphrase)::To string yields a passphrase" class="Simtabi\Laranail\Toolkit\Tests\Unit\Modules\Security\PassphraseTest" classname="Simtabi.Laranail.Toolkit.Tests.Unit.Modules.Security.PassphraseTest" assertions="1" time="0.130376"/>
        <testcase name="Separator variants" file="Passphrase (Simtabi\Laranail\Toolkit\Tests\Unit\Modules\Security\Passphrase)::Separator variants" class="Simtabi\Laranail\Toolkit\Tests\Unit\Modules\Security\PassphraseTest" classname="Simtabi.Laranail.Toolkit.Tests.Unit.Modules.Security.PassphraseTest" assertions="4" time="0.138866"/>
        <testcase name="Builder is immutable" file="Passphrase (Simtabi\Laranail\Toolkit\Tests\Unit\Modules\Security\Passphrase)::Builder is immutable" class="Simtabi\Laranail\Toolkit\Tests\Unit\Modules\Security\PassphraseTest" classname="Simtabi.Laranail.Toolkit.Tests.Unit.Modules.Security.PassphraseTest" assertions="3" time="0.134288"/>
        <testcase name="With number appends digits" file="Passphrase (Simtabi\Laranail\Toolkit\Tests\Unit\Modules\Security\Passphrase)::With number appends digits" class="Simtabi\Laranail\Toolkit\Tests\Unit\Modules\Security\PassphraseTest" classname="Simtabi.Laranail.Toolkit.Tests.Unit.Modules.Security.PassphraseTest" assertions="1" time="0.133451"/>
        <testcase name="With symbol appends a symbol" file="Passphrase (Simtabi\Laranail\Toolkit\Tests\Unit\Modules\Security\Passphrase)::With symbol appends a symbol" class="Simtabi\Laranail\Toolkit\Tests\Unit\Modules\Security\PassphraseTest" classname="Simtabi.Laranail.Toolkit.Tests.Unit.Modules.Security.PassphraseTest" assertions="1" time="0.133681"/>
        <testcase name="Capitalize title capitalises every word" file="Passphrase (Simtabi\Laranail\Toolkit\Tests\Unit\Modules\Security\Passphrase)::Capitalize title capitalises every word" class="Simtabi\Laranail\Toolkit\Tests\Unit\Modules\Security\PassphraseTest" classname="Simtabi.Laranail.Toolkit.Tests.Unit.Modules.Security.PassphraseTest" assertions="3" time="0.131795"/>
        <testcase name="Word count too large throws" file="Passphrase (Simtabi\Laranail\Toolkit\Tests\Unit\Modules\Security\Passphrase)::Word count too large throws" class="Simtabi\Laranail\Toolkit\Tests\Unit\Modules\Security\PassphraseTest" classname="Simtabi.Laranail.Toolkit.Tests.Unit.Modules.Security.PassphraseTest" assertions="1" time="0.133073"/>
        <testcase name="Wordlist is static cached and loaded once" file="Passphrase (Simtabi\Laranail\Toolkit\Tests\Unit\Modules\Security\Passphrase)::Wordlist is static cached and loaded once" class="Simtabi\Laranail\Toolkit\Tests\Unit\Modules\Security\PassphraseTest" classname="Simtabi.Laranail.Toolkit.Tests.Unit.Modules.Security.PassphraseTest" assertions="4" time="0.141888"/>
        <testcase name="Passphrases are high entropy with no collisions" file="Passphrase (Simtabi\Laranail\Toolkit\Tests\Unit\Modules\Security\Passphrase)::Passphrases are high entropy with no collisions" class="Simtabi\Laranail\Toolkit\Tests\Unit\Modules\Security\PassphraseTest" classname="Simtabi.Laranail.Toolkit.Tests.Unit.Modules.Security.PassphraseTest" assertions="1" time="0.153161"/>
        <testcase name="Words come from the eff wordlist" file="Passphrase (Simtabi\Laranail\Toolkit\Tests\Unit\Modules\Security\Passphrase)::Words come from the eff wordlist" class="Simtabi\Laranail\Toolkit\Tests\Unit\Modules\Security\PassphraseTest" classname="Simtabi.Laranail.Toolkit.Tests.Unit.Modules.Security.PassphraseTest" assertions="11" time="0.159146"/>
      </testsuite>
      <testsuite name="Simtabi\Laranail\Toolkit\Tests\Unit\Providers\ToolkitServiceProviderTest" file="Toolkit Service Provider (Simtabi\Laranail\Toolkit\Tests\Unit\Providers\ToolkitServiceProvider)" tests="4" assertions="12" errors="0" failures="0" skipped="0" time="0.575056">
        <testcase name="Route middleware aliases are registered" file="Toolkit Service Provider (Simtabi\Laranail\Toolkit\Tests\Unit\Providers\ToolkitServiceProvider)::Route middleware aliases are registered" class="Simtabi\Laranail\Toolkit\Tests\Unit\Providers\ToolkitServiceProviderTest" classname="Simtabi.Laranail.Toolkit.Tests.Unit.Providers.ToolkitServiceProviderTest" assertions="4" time="0.172871"/>
        <testcase name="All four configs merge under the dotted namespace" file="Toolkit Service Provider (Simtabi\Laranail\Toolkit\Tests\Unit\Providers\ToolkitServiceProvider)::All four configs merge under the dotted namespace" class="Simtabi\Laranail\Toolkit\Tests\Unit\Providers\ToolkitServiceProviderTest" classname="Simtabi.Laranail.Toolkit.Tests.Unit.Providers.ToolkitServiceProviderTest" assertions="4" time="0.134602"/>
        <testcase name="Child providers are registered" file="Toolkit Service Provider (Simtabi\Laranail\Toolkit\Tests\Unit\Providers\ToolkitServiceProvider)::Child providers are registered" class="Simtabi\Laranail\Toolkit\Tests\Unit\Providers\ToolkitServiceProviderTest" classname="Simtabi.Laranail.Toolkit.Tests.Unit.Providers.ToolkitServiceProviderTest" assertions="2" time="0.129666"/>
        <testcase name="Reject common passwords rule is wired" file="Toolkit Service Provider (Simtabi\Laranail\Toolkit\Tests\Unit\Providers\ToolkitServiceProvider)::Reject common passwords rule is wired" class="Simtabi\Laranail\Toolkit\Tests\Unit\Providers\ToolkitServiceProviderTest" classname="Simtabi.Laranail.Toolkit.Tests.Unit.Providers.ToolkitServiceProviderTest" assertions="2" time="0.137916"/>
      </testsuite>
      <testsuite name="Simtabi\Laranail\Toolkit\Tests\Unit\Services\HttpConfigurationServiceTest" file="Http Configuration Service (Simtabi\Laranail\Toolkit\Tests\Unit\Services\HttpConfigurationService)" tests="3" assertions="10" errors="0" failures="0" skipped="0" time="0.015757">
        <testcase name="Defaults are seeded from the toolkit http config" file="Http Configuration Service (Simtabi\Laranail\Toolkit\Tests\Unit\Services\HttpConfigurationService)::Defaults are seeded from the toolkit http config" class="Simtabi\Laranail\Toolkit\Tests\Unit\Services\HttpConfigurationServiceTest" classname="Simtabi.Laranail.Toolkit.Tests.Unit.Services.HttpConfigurationServiceTest" assertions="4" time="0.010704"/>
        <testcase name="Falls back to sane defaults when config is absent" file="Http Configuration Service (Simtabi\Laranail\Toolkit\Tests\Unit\Services\HttpConfigurationService)::Falls back to sane defaults when config is absent" class="Simtabi\Laranail\Toolkit\Tests\Unit\Services\HttpConfigurationServiceTest" classname="Simtabi.Laranail.Toolkit.Tests.Unit.Services.HttpConfigurationServiceTest" assertions="4" time="0.002566"/>
        <testcase name="Fluent setters override and build the guzzle config" file="Http Configuration Service (Simtabi\Laranail\Toolkit\Tests\Unit\Services\HttpConfigurationService)::Fluent setters override and build the guzzle config" class="Simtabi\Laranail\Toolkit\Tests\Unit\Services\HttpConfigurationServiceTest" classname="Simtabi.Laranail.Toolkit.Tests.Unit.Services.HttpConfigurationServiceTest" assertions="2" time="0.002487"/>
      </testsuite>
      <testsuite name="Simtabi\Laranail\Toolkit\Tests\Unit\Support\CastTest" file="Cast (Simtabi\Laranail\Toolkit\Tests\Unit\Support\Cast)" tests="5" assertions="29" errors="0" failures="0" skipped="0" time="0.642976">
        <testcase name="To bool falls back on unrecognised input" file="Cast (Simtabi\Laranail\Toolkit\Tests\Unit\Support\Cast)::To bool falls back on unrecognised input" class="Simtabi\Laranail\Toolkit\Tests\Unit\Support\CastTest" classname="Simtabi.Laranail.Toolkit.Tests.Unit.Support.CastTest" assertions="3" time="0.129995"/>
        <testcase name="To bool uses filter var semantics" file="Cast (Simtabi\Laranail\Toolkit\Tests\Unit\Support\Cast)::To bool uses filter var semantics" class="Simtabi\Laranail\Toolkit\Tests\Unit\Support\CastTest" classname="Simtabi.Laranail.Toolkit.Tests.Unit.Support.CastTest" assertions="8" time="0.127319"/>
        <testcase name="To string narrows scalars and falls back" file="Cast (Simtabi\Laranail\Toolkit\Tests\Unit\Support\Cast)::To string narrows scalars and falls back" class="Simtabi\Laranail\Toolkit\Tests\Unit\Support\CastTest" classname="Simtabi.Laranail.Toolkit.Tests.Unit.Support.CastTest" assertions="7" time="0.127758"/>
        <testcase name="To int accepts numeric strings only" file="Cast (Simtabi\Laranail\Toolkit\Tests\Unit\Support\Cast)::To int accepts numeric strings only" class="Simtabi\Laranail\Toolkit\Tests\Unit\Support\CastTest" classname="Simtabi.Laranail.Toolkit.Tests.Unit.Support.CastTest" assertions="6" time="0.128219"/>
        <testcase name="To float accepts numeric values" file="Cast (Simtabi\Laranail\Toolkit\Tests\Unit\Support\Cast)::To float accepts numeric values" class="Simtabi\Laranail\Toolkit\Tests\Unit\Support\CastTest" classname="Simtabi.Laranail.Toolkit.Tests.Unit.Support.CastTest" assertions="5" time="0.129684"/>
      </testsuite>
      <testsuite name="Simtabi\Laranail\Toolkit\Tests\Unit\Support\ConfigTest" file="Config (Simtabi\Laranail\Toolkit\Tests\Unit\Support\Config)" tests="6" assertions="20" errors="0" failures="0" skipped="0" time="0.781313">
        <testcase name="String list drops non string members" file="Config (Simtabi\Laranail\Toolkit\Tests\Unit\Support\Config)::String list drops non string members" class="Simtabi\Laranail\Toolkit\Tests\Unit\Support\ConfigTest" classname="Simtabi.Laranail.Toolkit.Tests.Unit.Support.ConfigTest" assertions="4" time="0.140169"/>
        <testcase name="Float accepts numeric values" file="Config (Simtabi\Laranail\Toolkit\Tests\Unit\Support\Config)::Float accepts numeric values" class="Simtabi\Laranail\Toolkit\Tests\Unit\Support\ConfigTest" classname="Simtabi.Laranail.Toolkit.Tests.Unit.Support.ConfigTest" assertions="3" time="0.127412"/>
        <testcase name="String narrows and falls back" file="Config (Simtabi\Laranail\Toolkit\Tests\Unit\Support\Config)::String narrows and falls back" class="Simtabi\Laranail\Toolkit\Tests\Unit\Support\ConfigTest" classname="Simtabi.Laranail.Toolkit.Tests.Unit.Support.ConfigTest" assertions="4" time="0.127990"/>
        <testcase name="Int accepts numeric strings" file="Config (Simtabi\Laranail\Toolkit\Tests\Unit\Support\Config)::Int accepts numeric strings" class="Simtabi\Laranail\Toolkit\Tests\Unit\Support\ConfigTest" classname="Simtabi.Laranail.Toolkit.Tests.Unit.Support.ConfigTest" assertions="4" time="0.127431"/>
        <testcase name="Bool uses filter var semantics" file="Config (Simtabi\Laranail\Toolkit\Tests\Unit\Support\Config)::Bool uses filter var semantics" class="Simtabi\Laranail\Toolkit\Tests\Unit\Support\ConfigTest" classname="Simtabi.Laranail.Toolkit.Tests.Unit.Support.ConfigTest" assertions="3" time="0.128492"/>
        <testcase name="Array falls back for non arrays" file="Config (Simtabi\Laranail\Toolkit\Tests\Unit\Support\Config)::Array falls back for non arrays" class="Simtabi\Laranail\Toolkit\Tests\Unit\Support\ConfigTest" classname="Simtabi.Laranail.Toolkit.Tests.Unit.Support.ConfigTest" assertions="2" time="0.129819"/>
      </testsuite>
      <testsuite name="Simtabi\Laranail\Toolkit\Tests\Unit\Support\FeatureToggleTest" file="Feature Toggle (Simtabi\Laranail\Toolkit\Tests\Unit\Support\FeatureToggle)" tests="5" assertions="5" errors="0" failures="0" skipped="0" time="0.676702">
        <testcase name="Feature is enabled when configured true" file="Feature Toggle (Simtabi\Laranail\Toolkit\Tests\Unit\Support\FeatureToggle)::Feature is enabled when configured true" class="Simtabi\Laranail\Toolkit\Tests\Unit\Support\FeatureToggleTest" classname="Simtabi.Laranail.Toolkit.Tests.Unit.Support.FeatureToggleTest" assertions="1" time="0.145904"/>
        <testcase name="User override takes precedence" file="Feature Toggle (Simtabi\Laranail\Toolkit\Tests\Unit\Support\FeatureToggle)::User override takes precedence" class="Simtabi\Laranail\Toolkit\Tests\Unit\Support\FeatureToggleTest" classname="Simtabi.Laranail.Toolkit.Tests.Unit.Support.FeatureToggleTest" assertions="1" time="0.136025"/>
        <testcase name="Feature is disabled when configured false" file="Feature Toggle (Simtabi\Laranail\Toolkit\Tests\Unit\Support\FeatureToggle)::Feature is disabled when configured false" class="Simtabi\Laranail\Toolkit\Tests\Unit\Support\FeatureToggleTest" classname="Simtabi.Laranail.Toolkit.Tests.Unit.Support.FeatureToggleTest" assertions="1" time="0.129770"/>
        <testcase name="Feature is disabled by default" file="Feature Toggle (Simtabi\Laranail\Toolkit\Tests\Unit\Support\FeatureToggle)::Feature is disabled by default" class="Simtabi\Laranail\Toolkit\Tests\Unit\Support\FeatureToggleTest" classname="Simtabi.Laranail.Toolkit.Tests.Unit.Support.FeatureToggleTest" assertions="1" time="0.135724"/>
        <testcase name="Environment override takes precedence" file="Feature Toggle (Simtabi\Laranail\Toolkit\Tests\Unit\Support\FeatureToggle)::Environment override takes precedence" class="Simtabi\Laranail\Toolkit\Tests\Unit\Support\FeatureToggleTest" classname="Simtabi.Laranail.Toolkit.Tests.Unit.Support.FeatureToggleTest" assertions="1" time="0.129280"/>
      </testsuite>
      <testsuite name="Simtabi\Laranail\Toolkit\Tests\Unit\Modules\Security\PasswordTest" file="Password (Simtabi\Laranail\Toolkit\Tests\Unit\Modules\Security\Password)" tests="23" assertions="501" errors="0" failures="0" skipped="1" time="3.674221">
        <testcase name="Strength throws when zxcvbn not installed" file="Password (Simtabi\Laranail\Toolkit\Tests\Unit\Modules\Security\Password)::Strength throws when zxcvbn not installed" class="Simtabi\Laranail\Toolkit\Tests\Unit\Modules\Security\PasswordTest" classname="Simtabi.Laranail.Toolkit.Tests.Unit.Modules.Security.PasswordTest" assertions="0" time="0.147913">
          <skipped/>
        </testcase>
        <testcase name="Negative min entropy throws" file="Password (Simtabi\Laranail\Toolkit\Tests\Unit\Modules\Security\Password)::Negative min entropy throws" class="Simtabi\Laranail\Toolkit\Tests\Unit\Modules\Security\PasswordTest" classname="Simtabi.Laranail.Toolkit.Tests.Unit.Modules.Security.PasswordTest" assertions="1" time="0.131506"/>
        <testcase name="Zero length throws" file="Password (Simtabi\Laranail\Toolkit\Tests\Unit\Modules\Security\Password)::Zero length throws" class="Simtabi\Laranail\Toolkit\Tests\Unit\Modules\Security\PasswordTest" classname="Simtabi.Laranail.Toolkit.Tests.Unit.Modules.Security.PasswordTest" assertions="1" time="0.127101"/>
        <testcase name="Impossible entropy throws runtime exception" file="Password (Simtabi\Laranail\Toolkit\Tests\Unit\Modules\Security\Password)::Impossible entropy throws runtime exception" class="Simtabi\Laranail\Toolkit\Tests\Unit\Modules\Security\PasswordTest" classname="Simtabi.Laranail.Toolkit.Tests.Unit.Modules.Security.PasswordTest" assertions="1" time="0.127427"/>
        <testcase name="Achievable min entropy succeeds" file="Password (Simtabi\Laranail\Toolkit\Tests\Unit\Modules\Security\Password)::Achievable min entropy succeeds" class="Simtabi\Laranail\Toolkit\Tests\Unit\Modules\Security\PasswordTest" classname="Simtabi.Laranail.Toolkit.Tests.Unit.Modules.Security.PasswordTest" assertions="1" time="0.128366"/>
        <testcase name="Min strength invalid score throws" file="Password (Simtabi\Laranail\Toolkit\Tests\Unit\Modules\Security\Password)::Min strength invalid score throws" class="Simtabi\Laranail\Toolkit\Tests\Unit\Modules\Security\PasswordTest" classname="Simtabi.Laranail.Toolkit.Tests.Unit.Modules.Security.PasswordTest" assertions="1" time="0.128563"/>
        <testcase name="Alphanumeric preset has no symbols" file="Password (Simtabi\Laranail\Toolkit\Tests\Unit\Modules\Security\Password)::Alphanumeric preset has no symbols" class="Simtabi\Laranail\Toolkit\Tests\Unit\Modules\Security\PasswordTest" classname="Simtabi.Laranail.Toolkit.Tests.Unit.Modules.Security.PasswordTest" assertions="2" time="0.129239"/>
        <testcase name="Numeric preset is digits only" file="Password (Simtabi\Laranail\Toolkit\Tests\Unit\Modules\Security\Password)::Numeric preset is digits only" class="Simtabi\Laranail\Toolkit\Tests\Unit\Modules\Security\PasswordTest" classname="Simtabi.Laranail.Toolkit.Tests.Unit.Modules.Security.PasswordTest" assertions="2" time="0.139271"/>
        <testcase name="Length is respected" file="Password (Simtabi\Laranail\Toolkit\Tests\Unit\Modules\Security\Password)::Length is respected" class="Simtabi\Laranail\Toolkit\Tests\Unit\Modules\Security\PasswordTest" classname="Simtabi.Laranail.Toolkit.Tests.Unit.Modules.Security.PasswordTest" assertions="1" time="0.143315"/>
        <testcase name="No class selected throws logic exception" file="Password (Simtabi\Laranail\Toolkit\Tests\Unit\Modules\Security\Password)::No class selected throws logic exception" class="Simtabi\Laranail\Toolkit\Tests\Unit\Modules\Security\PasswordTest" classname="Simtabi.Laranail.Toolkit.Tests.Unit.Modules.Security.PasswordTest" assertions="1" time="0.134903"/>
        <testcase name="Min strength negative score throws" file="Password (Simtabi\Laranail\Toolkit\Tests\Unit\Modules\Security\Password)::Min strength negative score throws" class="Simtabi\Laranail\Toolkit\Tests\Unit\Modules\Security\PasswordTest" classname="Simtabi.Laranail.Toolkit.Tests.Unit.Modules.Security.PasswordTest" assertions="1" time="0.143564"/>
        <testcase name="Builder is immutable" file="Password (Simtabi\Laranail\Toolkit\Tests\Unit\Modules\Security\Password)::Builder is immutable" class="Simtabi\Laranail\Toolkit\Tests\Unit\Modules\Security\PasswordTest" classname="Simtabi.Laranail.Toolkit.Tests.Unit.Modules.Security.PasswordTest" assertions="3" time="0.162270"/>
        <testcase name="Strong preset uses all classes" file="Password (Simtabi\Laranail\Toolkit\Tests\Unit\Modules\Security\Password)::Strong preset uses all classes" class="Simtabi\Laranail\Toolkit\Tests\Unit\Modules\Security\PasswordTest" classname="Simtabi.Laranail.Toolkit.Tests.Unit.Modules.Security.PasswordTest" assertions="5" time="0.140395"/>
        <testcase name="Basic preset is lowercase and digits" file="Password (Simtabi\Laranail\Toolkit\Tests\Unit\Modules\Security\Password)::Basic preset is lowercase and digits" class="Simtabi\Laranail\Toolkit\Tests\Unit\Modules\Security\PasswordTest" classname="Simtabi.Laranail.Toolkit.Tests.Unit.Modules.Security.PasswordTest" assertions="2" time="0.135735"/>
        <testcase name="To string yields a password" file="Password (Simtabi\Laranail\Toolkit\Tests\Unit\Modules\Security\Password)::To string yields a password" class="Simtabi\Laranail\Toolkit\Tests\Unit\Modules\Security\PasswordTest" classname="Simtabi.Laranail.Toolkit.Tests.Unit.Modules.Security.PasswordTest" assertions="1" time="0.137072"/>
        <testcase name="Min strength regenerates to meet score" file="Password (Simtabi\Laranail\Toolkit\Tests\Unit\Modules\Security\Password)::Min strength regenerates to meet score" class="Simtabi\Laranail\Toolkit\Tests\Unit\Modules\Security\PasswordTest" classname="Simtabi.Laranail.Toolkit.Tests.Unit.Modules.Security.PasswordTest" assertions="2" time="0.175896"/>
        <testcase name="Generate with metadata carries zxcvbn keys" file="Password (Simtabi\Laranail\Toolkit\Tests\Unit\Modules\Security\Password)::Generate with metadata carries zxcvbn keys" class="Simtabi\Laranail\Toolkit\Tests\Unit\Modules\Security\PasswordTest" classname="Simtabi.Laranail.Toolkit.Tests.Unit.Modules.Security.PasswordTest" assertions="13" time="0.148144"/>
        <testcase name="Exclude ambiguous removes confusable glyphs" file="Password (Simtabi\Laranail\Toolkit\Tests\Unit\Modules\Security\Password)::Exclude ambiguous removes confusable glyphs" class="Simtabi\Laranail\Toolkit\Tests\Unit\Modules\Security\PasswordTest" classname="Simtabi.Laranail.Toolkit.Tests.Unit.Modules.Security.PasswordTest" assertions="250" time="0.145386"/>
        <testcase name="Strength returns score and feedback" file="Password (Simtabi\Laranail\Toolkit\Tests\Unit\Modules\Security\Password)::Strength returns score and feedback" class="Simtabi\Laranail\Toolkit\Tests\Unit\Modules\Security\PasswordTest" classname="Simtabi.Laranail.Toolkit.Tests.Unit.Modules.Security.PasswordTest" assertions="7" time="0.141430"/>
        <testcase name="Require each class guarantees coverage" file="Password (Simtabi\Laranail\Toolkit\Tests\Unit\Modules\Security\Password)::Require each class guarantees coverage" class="Simtabi\Laranail\Toolkit\Tests\Unit\Modules\Security\PasswordTest" classname="Simtabi.Laranail.Toolkit.Tests.Unit.Modules.Security.PasswordTest" assertions="200" time="0.157487"/>
        <testcase name="Metadata reports correct entropy" file="Password (Simtabi\Laranail\Toolkit\Tests\Unit\Modules\Security\Password)::Metadata reports correct entropy" class="Simtabi\Laranail\Toolkit\Tests\Unit\Modules\Security\PasswordTest" classname="Simtabi.Laranail.Toolkit.Tests.Unit.Modules.Security.PasswordTest" assertions="4" time="0.138981"/>
        <testcase name="Min strength throws when unreachable" file="Password (Simtabi\Laranail\Toolkit\Tests\Unit\Modules\Security\Password)::Min strength throws when unreachable" class="Simtabi\Laranail\Toolkit\Tests\Unit\Modules\Security\PasswordTest" classname="Simtabi.Laranail.Toolkit.Tests.Unit.Modules.Security.PasswordTest" assertions="1" time="0.218915"/>
        <testcase name="Passwords are high entropy with no collisions" file="Password (Simtabi\Laranail\Toolkit\Tests\Unit\Modules\Security\Password)::Passwords are high entropy with no collisions" class="Simtabi\Laranail\Toolkit\Tests\Unit\Modules\Security\PasswordTest" classname="Simtabi.Laranail.Toolkit.Tests.Unit.Modules.Security.PasswordTest" assertions="1" time="0.491343"/>
      </testsuite>
      <testsuite name="Simtabi\Laranail\Toolkit\Tests\Unit\Config\NamespacedConfigOverrideTest" file="Namespaced Config Override (Simtabi\Laranail\Toolkit\Tests\Unit\Config\NamespacedConfigOverride)" tests="1" assertions="1" errors="0" failures="0" skipped="0" time="0.170390">
        <testcase name="Published override reaches the dotted key" file="Namespaced Config Override (Simtabi\Laranail\Toolkit\Tests\Unit\Config\NamespacedConfigOverride)::Published override reaches the dotted key" class="Simtabi\Laranail\Toolkit\Tests\Unit\Config\NamespacedConfigOverrideTest" classname="Simtabi.Laranail.Toolkit.Tests.Unit.Config.NamespacedConfigOverrideTest" assertions="1" time="0.170390"/>
      </testsuite>
      <testsuite name="Simtabi\Laranail\Toolkit\Tests\Unit\Config\NamespacedConfigTest" file="Namespaced Config (Simtabi\Laranail\Toolkit\Tests\Unit\Config\NamespacedConfig)" tests="2" assertions="4" errors="0" failures="0" skipped="0" time="0.255586">
        <testcase name="Main config merges under the dotted namespace" file="Namespaced Config (Simtabi\Laranail\Toolkit\Tests\Unit\Config\NamespacedConfig)::Main config merges under the dotted namespace" class="Simtabi\Laranail\Toolkit\Tests\Unit\Config\NamespacedConfigTest" classname="Simtabi.Laranail.Toolkit.Tests.Unit.Config.NamespacedConfigTest" assertions="2" time="0.128621"/>
        <testcase name="Module configs get distinct per file subkeys" file="Namespaced Config (Simtabi\Laranail\Toolkit\Tests\Unit\Config\NamespacedConfig)::Module configs get distinct per file subkeys" class="Simtabi\Laranail\Toolkit\Tests\Unit\Config\NamespacedConfigTest" classname="Simtabi.Laranail.Toolkit.Tests.Unit.Config.NamespacedConfigTest" assertions="2" time="0.126965"/>
      </testsuite>
      <testsuite name="Simtabi\Laranail\Toolkit\Tests\Unit\Console\CommandConsoleFeaturesTest" file="Command Console Features (Simtabi\Laranail\Toolkit\Tests\Unit\Console\CommandConsoleFeatures)" tests="3" assertions="10" errors="0" failures="0" skipped="0" time="0.412422">
        <testcase name="Tidy records files processed and space freed metadata" file="Command Console Features (Simtabi\Laranail\Toolkit\Tests\Unit\Console\CommandConsoleFeatures)::Tidy records files processed and space freed metadata" class="Simtabi\Laranail\Toolkit\Tests\Unit\Console\CommandConsoleFeaturesTest" classname="Simtabi.Laranail.Toolkit.Tests.Unit.Console.CommandConsoleFeaturesTest" assertions="6" time="0.138087"/>
        <testcase name="Tidy sweep stops when termination requested" file="Command Console Features (Simtabi\Laranail\Toolkit\Tests\Unit\Console\CommandConsoleFeatures)::Tidy sweep stops when termination requested" class="Simtabi\Laranail\Toolkit\Tests\Unit\Console\CommandConsoleFeaturesTest" classname="Simtabi.Laranail.Toolkit.Tests.Unit.Console.CommandConsoleFeaturesTest" assertions="2" time="0.139099"/>
        <testcase name="Tidy all stops sweeping roots when termination requested" file="Command Console Features (Simtabi\Laranail\Toolkit\Tests\Unit\Console\CommandConsoleFeatures)::Tidy all stops sweeping roots when termination requested" class="Simtabi\Laranail\Toolkit\Tests\Unit\Console\CommandConsoleFeaturesTest" classname="Simtabi.Laranail.Toolkit.Tests.Unit.Console.CommandConsoleFeaturesTest" assertions="2" time="0.135236"/>
      </testsuite>
      <testsuite name="Simtabi\Laranail\Toolkit\Tests\Unit\Console\IdeHelperMacrosCommandTest" file="Ide Helper Macros Command (Simtabi\Laranail\Toolkit\Tests\Unit\Console\IdeHelperMacrosCommand)" tests="5" assertions="43" errors="0" failures="0" skipped="0" time="0.729609">
        <testcase name="Command generates a stub at the given path" file="Ide Helper Macros Command (Simtabi\Laranail\Toolkit\Tests\Unit\Console\IdeHelperMacrosCommand)::Command generates a stub at the given path" class="Simtabi\Laranail\Toolkit\Tests\Unit\Console\IdeHelperMacrosCommandTest" classname="Simtabi.Laranail.Toolkit.Tests.Unit.Console.IdeHelperMacrosCommandTest" assertions="4" time="0.144728"/>
        <testcase name="Generated stub passes the committed drift contract" file="Ide Helper Macros Command (Simtabi\Laranail\Toolkit\Tests\Unit\Console\IdeHelperMacrosCommand)::Generated stub passes the committed drift contract" class="Simtabi\Laranail\Toolkit\Tests\Unit\Console\IdeHelperMacrosCommandTest" classname="Simtabi.Laranail.Toolkit.Tests.Unit.Console.IdeHelperMacrosCommandTest" assertions="25" time="0.140943"/>
        <testcase name="Generated stub documents the factory mixin" file="Ide Helper Macros Command (Simtabi\Laranail\Toolkit\Tests\Unit\Console\IdeHelperMacrosCommand)::Generated stub documents the factory mixin" class="Simtabi\Laranail\Toolkit\Tests\Unit\Console\IdeHelperMacrosCommandTest" classname="Simtabi.Laranail.Toolkit.Tests.Unit.Console.IdeHelperMacrosCommandTest" assertions="2" time="0.139588"/>
        <testcase name="Generated methods match live registered macros" file="Ide Helper Macros Command (Simtabi\Laranail\Toolkit\Tests\Unit\Console\IdeHelperMacrosCommand)::Generated methods match live registered macros" class="Simtabi\Laranail\Toolkit\Tests\Unit\Console\IdeHelperMacrosCommandTest" classname="Simtabi.Laranail.Toolkit.Tests.Unit.Console.IdeHelperMacrosCommandTest" assertions="9" time="0.145946"/>
        <testcase name="Command registers under the org namespaced name and alias" file="Ide Helper Macros Command (Simtabi\Laranail\Toolkit\Tests\Unit\Console\IdeHelperMacrosCommand)::Command registers under the org namespaced name and alias" class="Simtabi\Laranail\Toolkit\Tests\Unit\Console\IdeHelperMacrosCommandTest" classname="Simtabi.Laranail.Toolkit.Tests.Unit.Console.IdeHelperMacrosCommandTest" assertions="3" time="0.158406"/>
      </testsuite>
      <testsuite name="Simtabi\Laranail\Toolkit\Tests\Unit\Console\MakeCrudCommandTest" file="Make Crud Command (Simtabi\Laranail\Toolkit\Tests\Unit\Console\MakeCrudCommand)" tests="45" assertions="139" errors="0" failures="0" skipped="0" time="6.787060">
        <testcase name="Migrate flag runs migration" file="Make Crud Command (Simtabi\Laranail\Toolkit\Tests\Unit\Console\MakeCrudCommand)::Migrate flag runs migration" class="Simtabi\Laranail\Toolkit\Tests\Unit\Console\MakeCrudCommandTest" classname="Simtabi.Laranail.Toolkit.Tests.Unit.Console.MakeCrudCommandTest" assertions="2" time="0.159033"/>
        <testcase name="Command exits successfully with minimal args" file="Make Crud Command (Simtabi\Laranail\Toolkit\Tests\Unit\Console\MakeCrudCommand)::Command exits successfully with minimal args" class="Simtabi\Laranail\Toolkit\Tests\Unit\Console\MakeCrudCommandTest" classname="Simtabi.Laranail.Toolkit.Tests.Unit.Console.MakeCrudCommandTest" assertions="1" time="0.137216"/>
        <testcase name="Migration contains nullable modifier when rule is nullable" file="Make Crud Command (Simtabi\Laranail\Toolkit\Tests\Unit\Console\MakeCrudCommand)::Migration contains nullable modifier when rule is nullable" class="Simtabi\Laranail\Toolkit\Tests\Unit\Console\MakeCrudCommandTest" classname="Simtabi.Laranail.Toolkit.Tests.Unit.Console.MakeCrudCommandTest" assertions="2" time="0.137870"/>
        <testcase name="Model name is converted to studly case" file="Make Crud Command (Simtabi\Laranail\Toolkit\Tests\Unit\Console\MakeCrudCommand)::Model name is converted to studly case" class="Simtabi\Laranail\Toolkit\Tests\Unit\Console\MakeCrudCommandTest" classname="Simtabi.Laranail.Toolkit.Tests.Unit.Console.MakeCrudCommandTest" assertions="3" time="0.139636"/>
        <testcase name="Migration contains string column" file="Make Crud Command (Simtabi\Laranail\Toolkit\Tests\Unit\Console\MakeCrudCommand)::Migration contains string column" class="Simtabi\Laranail\Toolkit\Tests\Unit\Console\MakeCrudCommandTest" classname="Simtabi.Laranail.Toolkit.Tests.Unit.Console.MakeCrudCommandTest" assertions="2" time="0.138330"/>
        <testcase name="Controller generates custom message for exists rule" file="Make Crud Command (Simtabi\Laranail\Toolkit\Tests\Unit\Console\MakeCrudCommand)::Controller generates custom message for exists rule" class="Simtabi\Laranail\Toolkit\Tests\Unit\Console\MakeCrudCommandTest" classname="Simtabi.Laranail.Toolkit.Tests.Unit.Console.MakeCrudCommandTest" assertions="3" time="0.142811"/>
        <testcase name="Controller index contains search logic when searchable provided" file="Make Crud Command (Simtabi\Laranail\Toolkit\Tests\Unit\Console\MakeCrudCommand)::Controller index contains search logic when searchable provided" class="Simtabi\Laranail\Toolkit\Tests\Unit\Console\MakeCrudCommandTest" classname="Simtabi.Laranail.Toolkit.Tests.Unit.Console.MakeCrudCommandTest" assertions="4" time="0.142618"/>
        <testcase name="Controller index uses custom per page" file="Make Crud Command (Simtabi\Laranail\Toolkit\Tests\Unit\Console\MakeCrudCommand)::Controller index uses custom per page" class="Simtabi\Laranail\Toolkit\Tests\Unit\Console\MakeCrudCommandTest" classname="Simtabi.Laranail.Toolkit.Tests.Unit.Console.MakeCrudCommandTest" assertions="2" time="0.139780"/>
        <testcase name="Generates migration file" file="Make Crud Command (Simtabi\Laranail\Toolkit\Tests\Unit\Console\MakeCrudCommand)::Generates migration file" class="Simtabi\Laranail\Toolkit\Tests\Unit\Console\MakeCrudCommandTest" classname="Simtabi.Laranail.Toolkit.Tests.Unit.Console.MakeCrudCommandTest" assertions="3" time="0.139898"/>
        <testcase name="Migration contains correct table name" file="Make Crud Command (Simtabi\Laranail\Toolkit\Tests\Unit\Console\MakeCrudCommand)::Migration contains correct table name" class="Simtabi\Laranail\Toolkit\Tests\Unit\Console\MakeCrudCommandTest" classname="Simtabi.Laranail.Toolkit.Tests.Unit.Console.MakeCrudCommandTest" assertions="3" time="0.140854"/>
        <testcase name="Migration adds soft deletes column" file="Make Crud Command (Simtabi\Laranail\Toolkit\Tests\Unit\Console\MakeCrudCommand)::Migration adds soft deletes column" class="Simtabi\Laranail\Toolkit\Tests\Unit\Console\MakeCrudCommandTest" classname="Simtabi.Laranail.Toolkit.Tests.Unit.Console.MakeCrudCommandTest" assertions="2" time="0.147295"/>
        <testcase name="Model fillable contains foreign keys from belongs to" file="Make Crud Command (Simtabi\Laranail\Toolkit\Tests\Unit\Console\MakeCrudCommand)::Model fillable contains foreign keys from belongs to" class="Simtabi\Laranail\Toolkit\Tests\Unit\Console\MakeCrudCommandTest" classname="Simtabi.Laranail.Toolkit.Tests.Unit.Console.MakeCrudCommandTest" assertions="2" time="0.140735"/>
        <testcase name="Generates controller file" file="Make Crud Command (Simtabi\Laranail\Toolkit\Tests\Unit\Console\MakeCrudCommand)::Generates controller file" class="Simtabi\Laranail\Toolkit\Tests\Unit\Console\MakeCrudCommandTest" classname="Simtabi.Laranail.Toolkit.Tests.Unit.Console.MakeCrudCommandTest" assertions="2" time="0.143635"/>
        <testcase name="Controller has correct namespace and class" file="Make Crud Command (Simtabi\Laranail\Toolkit\Tests\Unit\Console\MakeCrudCommand)::Controller has correct namespace and class" class="Simtabi\Laranail\Toolkit\Tests\Unit\Console\MakeCrudCommandTest" classname="Simtabi.Laranail.Toolkit.Tests.Unit.Console.MakeCrudCommandTest" assertions="4" time="0.143777"/>
        <testcase name="Controller has all crud methods" file="Make Crud Command (Simtabi\Laranail\Toolkit\Tests\Unit\Console\MakeCrudCommand)::Controller has all crud methods" class="Simtabi\Laranail\Toolkit\Tests\Unit\Console\MakeCrudCommandTest" classname="Simtabi.Laranail.Toolkit.Tests.Unit.Console.MakeCrudCommandTest" assertions="6" time="0.142499"/>
        <testcase name="Controller store contains validation rules" file="Make Crud Command (Simtabi\Laranail\Toolkit\Tests\Unit\Console\MakeCrudCommand)::Controller store contains validation rules" class="Simtabi\Laranail\Toolkit\Tests\Unit\Console\MakeCrudCommandTest" classname="Simtabi.Laranail.Toolkit.Tests.Unit.Console.MakeCrudCommandTest" assertions="3" time="0.142295"/>
        <testcase name="Controller update uses sometimes for belongs to" file="Make Crud Command (Simtabi\Laranail\Toolkit\Tests\Unit\Console\MakeCrudCommand)::Controller update uses sometimes for belongs to" class="Simtabi\Laranail\Toolkit\Tests\Unit\Console\MakeCrudCommandTest" classname="Simtabi.Laranail.Toolkit.Tests.Unit.Console.MakeCrudCommandTest" assertions="2" time="0.142821"/>
        <testcase name="Register routes appends route to api php" file="Make Crud Command (Simtabi\Laranail\Toolkit\Tests\Unit\Console\MakeCrudCommand)::Register routes appends route to api php" class="Simtabi\Laranail\Toolkit\Tests\Unit\Console\MakeCrudCommandTest" classname="Simtabi.Laranail.Toolkit.Tests.Unit.Console.MakeCrudCommandTest" assertions="2" time="0.144732"/>
        <testcase name="No relationship warning when all tables exist" file="Make Crud Command (Simtabi\Laranail\Toolkit\Tests\Unit\Console\MakeCrudCommand)::No relationship warning when all tables exist" class="Simtabi\Laranail\Toolkit\Tests\Unit\Console\MakeCrudCommandTest" classname="Simtabi.Laranail.Toolkit.Tests.Unit.Console.MakeCrudCommandTest" assertions="2" time="0.144283"/>
        <testcase name="Model has correct namespace and class" file="Make Crud Command (Simtabi\Laranail\Toolkit\Tests\Unit\Console\MakeCrudCommand)::Model has correct namespace and class" class="Simtabi\Laranail\Toolkit\Tests\Unit\Console\MakeCrudCommandTest" classname="Simtabi.Laranail.Toolkit.Tests.Unit.Console.MakeCrudCommandTest" assertions="3" time="0.145404"/>
        <testcase name="Model includes soft deletes trait" file="Make Crud Command (Simtabi\Laranail\Toolkit\Tests\Unit\Console\MakeCrudCommand)::Model includes soft deletes trait" class="Simtabi\Laranail\Toolkit\Tests\Unit\Console\MakeCrudCommandTest" classname="Simtabi.Laranail.Toolkit.Tests.Unit.Console.MakeCrudCommandTest" assertions="3" time="0.155190"/>
        <testcase name="Model generates belongs to relationship" file="Make Crud Command (Simtabi\Laranail\Toolkit\Tests\Unit\Console\MakeCrudCommand)::Model generates belongs to relationship" class="Simtabi\Laranail\Toolkit\Tests\Unit\Console\MakeCrudCommandTest" classname="Simtabi.Laranail.Toolkit.Tests.Unit.Console.MakeCrudCommandTest" assertions="4" time="0.153401"/>
        <testcase name="Controller store has exists validation for belongs to" file="Make Crud Command (Simtabi\Laranail\Toolkit\Tests\Unit\Console\MakeCrudCommand)::Controller store has exists validation for belongs to" class="Simtabi\Laranail\Toolkit\Tests\Unit\Console\MakeCrudCommandTest" classname="Simtabi.Laranail.Toolkit.Tests.Unit.Console.MakeCrudCommandTest" assertions="2" time="0.146112"/>
        <testcase name="Controller eager loads relationships" file="Make Crud Command (Simtabi\Laranail\Toolkit\Tests\Unit\Console\MakeCrudCommand)::Controller eager loads relationships" class="Simtabi\Laranail\Toolkit\Tests\Unit\Console\MakeCrudCommandTest" classname="Simtabi.Laranail.Toolkit.Tests.Unit.Console.MakeCrudCommandTest" assertions="2" time="0.149476"/>
        <testcase name="Migration maps all field types correctly" file="Make Crud Command (Simtabi\Laranail\Toolkit\Tests\Unit\Console\MakeCrudCommand)::Migration maps all field types correctly" class="Simtabi\Laranail\Toolkit\Tests\Unit\Console\MakeCrudCommandTest" classname="Simtabi.Laranail.Toolkit.Tests.Unit.Console.MakeCrudCommandTest" assertions="9" time="0.146587"/>
        <testcase name="Migration adds foreign key for belongs to" file="Make Crud Command (Simtabi\Laranail\Toolkit\Tests\Unit\Console\MakeCrudCommand)::Migration adds foreign key for belongs to" class="Simtabi\Laranail\Toolkit\Tests\Unit\Console\MakeCrudCommandTest" classname="Simtabi.Laranail.Toolkit.Tests.Unit.Console.MakeCrudCommandTest" assertions="2" time="0.147046"/>
        <testcase name="Model casts are generated for typed fields" file="Make Crud Command (Simtabi\Laranail\Toolkit\Tests\Unit\Console\MakeCrudCommand)::Model casts are generated for typed fields" class="Simtabi\Laranail\Toolkit\Tests\Unit\Console\MakeCrudCommandTest" classname="Simtabi.Laranail.Toolkit.Tests.Unit.Console.MakeCrudCommandTest" assertions="7" time="0.147377"/>
        <testcase name="Model generates has one relationship" file="Make Crud Command (Simtabi\Laranail\Toolkit\Tests\Unit\Console\MakeCrudCommand)::Model generates has one relationship" class="Simtabi\Laranail\Toolkit\Tests\Unit\Console\MakeCrudCommandTest" classname="Simtabi.Laranail.Toolkit.Tests.Unit.Console.MakeCrudCommandTest" assertions="4" time="0.150422"/>
        <testcase name="Controller generates custom message for unique rule" file="Make Crud Command (Simtabi\Laranail\Toolkit\Tests\Unit\Console\MakeCrudCommand)::Controller generates custom message for unique rule" class="Simtabi\Laranail\Toolkit\Tests\Unit\Console\MakeCrudCommandTest" classname="Simtabi.Laranail.Toolkit.Tests.Unit.Console.MakeCrudCommandTest" assertions="3" time="0.147459"/>
        <testcase name="Controller index has no search logic without searchable" file="Make Crud Command (Simtabi\Laranail\Toolkit\Tests\Unit\Console\MakeCrudCommand)::Controller index has no search logic without searchable" class="Simtabi\Laranail\Toolkit\Tests\Unit\Console\MakeCrudCommandTest" classname="Simtabi.Laranail.Toolkit.Tests.Unit.Console.MakeCrudCommandTest" assertions="2" time="0.147870"/>
        <testcase name="Model generates has many relationship" file="Make Crud Command (Simtabi\Laranail\Toolkit\Tests\Unit\Console\MakeCrudCommand)::Model generates has many relationship" class="Simtabi\Laranail\Toolkit\Tests\Unit\Console\MakeCrudCommandTest" classname="Simtabi.Laranail.Toolkit.Tests.Unit.Console.MakeCrudCommandTest" assertions="4" time="0.150473"/>
        <testcase name="Model generates belongs to many relationship" file="Make Crud Command (Simtabi\Laranail\Toolkit\Tests\Unit\Console\MakeCrudCommand)::Model generates belongs to many relationship" class="Simtabi\Laranail\Toolkit\Tests\Unit\Console\MakeCrudCommandTest" classname="Simtabi.Laranail.Toolkit.Tests.Unit.Console.MakeCrudCommandTest" assertions="4" time="0.151452"/>
        <testcase name="Controller store returns 201" file="Make Crud Command (Simtabi\Laranail\Toolkit\Tests\Unit\Console\MakeCrudCommand)::Controller store returns 201" class="Simtabi\Laranail\Toolkit\Tests\Unit\Console\MakeCrudCommandTest" classname="Simtabi.Laranail.Toolkit.Tests.Unit.Console.MakeCrudCommandTest" assertions="2" time="0.155192"/>
        <testcase name="Warns when related table does not exist" file="Make Crud Command (Simtabi\Laranail\Toolkit\Tests\Unit\Console\MakeCrudCommand)::Warns when related table does not exist" class="Simtabi\Laranail\Toolkit\Tests\Unit\Console\MakeCrudCommandTest" classname="Simtabi.Laranail.Toolkit.Tests.Unit.Console.MakeCrudCommandTest" assertions="2" time="0.153191"/>
        <testcase name="Model fillable contains fields" file="Make Crud Command (Simtabi\Laranail\Toolkit\Tests\Unit\Console\MakeCrudCommand)::Model fillable contains fields" class="Simtabi\Laranail\Toolkit\Tests\Unit\Console\MakeCrudCommandTest" classname="Simtabi.Laranail.Toolkit.Tests.Unit.Console.MakeCrudCommandTest" assertions="3" time="0.153901"/>
        <testcase name="Controller index returns paginated meta" file="Make Crud Command (Simtabi\Laranail\Toolkit\Tests\Unit\Console\MakeCrudCommand)::Controller index returns paginated meta" class="Simtabi\Laranail\Toolkit\Tests\Unit\Console\MakeCrudCommandTest" classname="Simtabi.Laranail.Toolkit.Tests.Unit.Console.MakeCrudCommandTest" assertions="5" time="0.152598"/>
        <testcase name="Generates model file" file="Make Crud Command (Simtabi\Laranail\Toolkit\Tests\Unit\Console\MakeCrudCommand)::Generates model file" class="Simtabi\Laranail\Toolkit\Tests\Unit\Console\MakeCrudCommandTest" classname="Simtabi.Laranail.Toolkit.Tests.Unit.Console.MakeCrudCommandTest" assertions="2" time="0.151384"/>
        <testcase name="Controller update modifies unique rule to ignore current record" file="Make Crud Command (Simtabi\Laranail\Toolkit\Tests\Unit\Console\MakeCrudCommand)::Controller update modifies unique rule to ignore current record" class="Simtabi\Laranail\Toolkit\Tests\Unit\Console\MakeCrudCommandTest" classname="Simtabi.Laranail.Toolkit.Tests.Unit.Console.MakeCrudCommandTest" assertions="2" time="0.150793"/>
        <testcase name="Migration is skipped if one already exists" file="Make Crud Command (Simtabi\Laranail\Toolkit\Tests\Unit\Console\MakeCrudCommand)::Migration is skipped if one already exists" class="Simtabi\Laranail\Toolkit\Tests\Unit\Console\MakeCrudCommandTest" classname="Simtabi.Laranail.Toolkit.Tests.Unit.Console.MakeCrudCommandTest" assertions="4" time="0.163250"/>
        <testcase name="Model is overwritten with force flag" file="Make Crud Command (Simtabi\Laranail\Toolkit\Tests\Unit\Console\MakeCrudCommand)::Model is overwritten with force flag" class="Simtabi\Laranail\Toolkit\Tests\Unit\Console\MakeCrudCommandTest" classname="Simtabi.Laranail.Toolkit.Tests.Unit.Console.MakeCrudCommandTest" assertions="3" time="0.158390"/>
        <testcase name="Register routes does not duplicate existing route" file="Make Crud Command (Simtabi\Laranail\Toolkit\Tests\Unit\Console\MakeCrudCommand)::Register routes does not duplicate existing route" class="Simtabi\Laranail\Toolkit\Tests\Unit\Console\MakeCrudCommandTest" classname="Simtabi.Laranail.Toolkit.Tests.Unit.Console.MakeCrudCommandTest" assertions="4" time="0.161727"/>
        <testcase name="Model is not overwritten without force flag" file="Make Crud Command (Simtabi\Laranail\Toolkit\Tests\Unit\Console\MakeCrudCommand)::Model is not overwritten without force flag" class="Simtabi\Laranail\Toolkit\Tests\Unit\Console\MakeCrudCommandTest" classname="Simtabi.Laranail.Toolkit.Tests.Unit.Console.MakeCrudCommandTest" assertions="4" time="0.160392"/>
        <testcase name="Command outputs success message" file="Make Crud Command (Simtabi\Laranail\Toolkit\Tests\Unit\Console\MakeCrudCommand)::Command outputs success message" class="Simtabi\Laranail\Toolkit\Tests\Unit\Console\MakeCrudCommandTest" classname="Simtabi.Laranail.Toolkit.Tests.Unit.Console.MakeCrudCommandTest" assertions="2" time="0.152563"/>
        <testcase name="Command is registered" file="Make Crud Command (Simtabi\Laranail\Toolkit\Tests\Unit\Console\MakeCrudCommand)::Command is registered" class="Simtabi\Laranail\Toolkit\Tests\Unit\Console\MakeCrudCommandTest" classname="Simtabi.Laranail.Toolkit.Tests.Unit.Console.MakeCrudCommandTest" assertions="1" time="0.179172"/>
        <testcase name="Generated controller index is injection safe" file="Make Crud Command (Simtabi\Laranail\Toolkit\Tests\Unit\Console\MakeCrudCommand)::Generated controller index is injection safe" class="Simtabi\Laranail\Toolkit\Tests\Unit\Console\MakeCrudCommandTest" classname="Simtabi.Laranail.Toolkit.Tests.Unit.Console.MakeCrudCommandTest" assertions="6" time="0.246118"/>
      </testsuite>
      <testsuite name="Simtabi\Laranail\Toolkit\Tests\Unit\Console\NamespacedCommandTest" file="Namespaced Command (Simtabi\Laranail\Toolkit\Tests\Unit\Console\NamespacedCommand)" tests="3" assertions="4" errors="0" failures="0" skipped="0" time="0.540172">
        <testcase name="Namespaced command is invokable" file="Namespaced Command (Simtabi\Laranail\Toolkit\Tests\Unit\Console\NamespacedCommand)::Namespaced command is invokable" class="Simtabi\Laranail\Toolkit\Tests\Unit\Console\NamespacedCommandTest" classname="Simtabi.Laranail.Toolkit.Tests.Unit.Console.NamespacedCommandTest" assertions="1" time="0.223972"/>
[...]
        <testcase name="Disk space multipath probe degrades on unreadable path" file="Requirements Diagnostics (Simtabi\Laranail\Toolkit\Tests\Feature\Support\RequirementsDiagnostics)::Disk space multipath probe degrades on unreadable path" class="Simtabi\Laranail\Toolkit\Tests\Feature\Support\RequirementsDiagnosticsTest" classname="Simtabi.Laranail.Toolkit.Tests.Feature.Support.RequirementsDiagnosticsTest" assertions="4" time="0.146192"/>
        <testcase name="Disk space probe rejects an out of range threshold" file="Requirements Diagnostics (Simtabi\Laranail\Toolkit\Tests\Feature\Support\RequirementsDiagnostics)::Disk space probe rejects an out of range threshold" class="Simtabi\Laranail\Toolkit\Tests\Feature\Support\RequirementsDiagnosticsTest" classname="Simtabi.Laranail.Toolkit.Tests.Feature.Support.RequirementsDiagnosticsTest" assertions="1" time="0.135444"/>
        <testcase name="Disk space probe reports free space" file="Requirements Diagnostics (Simtabi\Laranail\Toolkit\Tests\Feature\Support\RequirementsDiagnostics)::Disk space probe reports free space" class="Simtabi\Laranail\Toolkit\Tests\Feature\Support\RequirementsDiagnosticsTest" classname="Simtabi.Laranail.Toolkit.Tests.Feature.Support.RequirementsDiagnosticsTest" assertions="4" time="0.137808"/>
        <testcase name="Writable directory check" file="Requirements Diagnostics (Simtabi\Laranail\Toolkit\Tests\Feature\Support\RequirementsDiagnostics)::Writable directory check" class="Simtabi\Laranail\Toolkit\Tests\Feature\Support\RequirementsDiagnosticsTest" classname="Simtabi.Laranail.Toolkit.Tests.Feature.Support.RequirementsDiagnosticsTest" assertions="2" time="0.142400"/>
        <testcase name="About command registration does not error" file="Requirements Diagnostics (Simtabi\Laranail\Toolkit\Tests\Feature\Support\RequirementsDiagnostics)::About command registration does not error" class="Simtabi\Laranail\Toolkit\Tests\Feature\Support\RequirementsDiagnosticsTest" classname="Simtabi.Laranail.Toolkit.Tests.Feature.Support.RequirementsDiagnosticsTest" assertions="1" time="0.244458"/>
      </testsuite>
      <testsuite name="Simtabi\Laranail\Toolkit\Tests\Feature\Support\RunsConditionallyTest" file="Runs Conditionally (Simtabi\Laranail\Toolkit\Tests\Feature\Support\RunsConditionally)" tests="6" assertions="9" errors="0" failures="0" skipped="0" time="0.836869">
        <testcase name="Run in console returns the callback result" file="Runs Conditionally (Simtabi\Laranail\Toolkit\Tests\Feature\Support\RunsConditionally)::Run in console returns the callback result" class="Simtabi\Laranail\Toolkit\Tests\Feature\Support\RunsConditionallyTest" classname="Simtabi.Laranail.Toolkit.Tests.Feature.Support.RunsConditionallyTest" assertions="1" time="0.158633"/>
        <testcase name="Conditional exposes a runner" file="Runs Conditionally (Simtabi\Laranail\Toolkit\Tests\Feature\Support\RunsConditionally)::Conditional exposes a runner" class="Simtabi\Laranail\Toolkit\Tests\Feature\Support\RunsConditionallyTest" classname="Simtabi.Laranail.Toolkit.Tests.Feature.Support.RunsConditionallyTest" assertions="1" time="0.128626"/>
        <testcase name="Run outside console returns null under console" file="Runs Conditionally (Simtabi\Laranail\Toolkit\Tests\Feature\Support\RunsConditionally)::Run outside console returns null under console" class="Simtabi\Laranail\Toolkit\Tests\Feature\Support\RunsConditionallyTest" classname="Simtabi.Laranail.Toolkit.Tests.Feature.Support.RunsConditionallyTest" assertions="1" time="0.131801"/>
        <testcase name="Run when guest gates on auth state" file="Runs Conditionally (Simtabi\Laranail\Toolkit\Tests\Feature\Support\RunsConditionally)::Run when guest gates on auth state" class="Simtabi\Laranail\Toolkit\Tests\Feature\Support\RunsConditionallyTest" classname="Simtabi.Laranail.Toolkit.Tests.Feature.Support.RunsConditionallyTest" assertions="2" time="0.135868"/>
        <testcase name="Run for role delegates to has role" file="Runs Conditionally (Simtabi\Laranail\Toolkit\Tests\Feature\Support\RunsConditionally)::Run for role delegates to has role" class="Simtabi\Laranail\Toolkit\Tests\Feature\Support\RunsConditionallyTest" classname="Simtabi.Laranail.Toolkit.Tests.Feature.Support.RunsConditionallyTest" assertions="2" time="0.144446"/>
        <testcase name="Run when authenticated gates on auth state" file="Runs Conditionally (Simtabi\Laranail\Toolkit\Tests\Feature\Support\RunsConditionally)::Run when authenticated gates on auth state" class="Simtabi\Laranail\Toolkit\Tests\Feature\Support\RunsConditionallyTest" classname="Simtabi.Laranail.Toolkit.Tests.Feature.Support.RunsConditionallyTest" assertions="2" time="0.137496"/>
      </testsuite>
      <testsuite name="Simtabi\Laranail\Toolkit\Tests\Feature\Support\UsernameDelegationTest" file="Username Delegation (Simtabi\Laranail\Toolkit\Tests\Feature\Support\UsernameDelegation)" tests="5" assertions="13" errors="0" failures="0" skipped="0" time="0.685458">
        <testcase name="Helper generate username delegates to random" file="Username Delegation (Simtabi\Laranail\Toolkit\Tests\Feature\Support\UsernameDelegation)::Helper generate username delegates to random" class="Simtabi\Laranail\Toolkit\Tests\Feature\Support\UsernameDelegationTest" classname="Simtabi.Laranail.Toolkit.Tests.Feature.Support.UsernameDelegationTest" assertions="2" time="0.140088"/>
        <testcase name="Helper username from email delegates and keeps legacy shape" file="Username Delegation (Simtabi\Laranail\Toolkit\Tests\Feature\Support\UsernameDelegation)::Helper username from email delegates and keeps legacy shape" class="Simtabi\Laranail\Toolkit\Tests\Feature\Support\UsernameDelegationTest" classname="Simtabi.Laranail.Toolkit.Tests.Feature.Support.UsernameDelegationTest" assertions="3" time="0.130771"/>
        <testcase name="Suggest username uses the models availability checker" file="Username Delegation (Simtabi\Laranail\Toolkit\Tests\Feature\Support\UsernameDelegation)::Suggest username uses the models availability checker" class="Simtabi\Laranail\Toolkit\Tests\Feature\Support\UsernameDelegationTest" classname="Simtabi.Laranail.Toolkit.Tests.Feature.Support.UsernameDelegationTest" assertions="3" time="0.140328"/>
        <testcase name="Unique checker against eloquent backend" file="Username Delegation (Simtabi\Laranail\Toolkit\Tests\Feature\Support\UsernameDelegation)::Unique checker against eloquent backend" class="Simtabi\Laranail\Toolkit\Tests\Feature\Support\UsernameDelegationTest" classname="Simtabi.Laranail.Toolkit.Tests.Feature.Support.UsernameDelegationTest" assertions="2" time="0.139255"/>
        <testcase name="Helper name to usernames delegates to candidates" file="Username Delegation (Simtabi\Laranail\Toolkit\Tests\Feature\Support\UsernameDelegation)::Helper name to usernames delegates to candidates" class="Simtabi\Laranail\Toolkit\Tests\Feature\Support\UsernameDelegationTest" classname="Simtabi.Laranail.Toolkit.Tests.Feature.Support.UsernameDelegationTest" assertions="3" time="0.135017"/>
      </testsuite>
      <testsuite name="Simtabi\Laranail\Toolkit\Tests\Feature\Traits\ApiResponseTraitFeatureTest" file="Api Response Trait Feature (Simtabi\Laranail\Toolkit\Tests\Feature\Traits\ApiResponseTraitFeature)" tests="8" assertions="44" errors="0" failures="0" skipped="0" time="1.088175">
        <testcase name="Success response integration" file="Api Response Trait Feature (Simtabi\Laranail\Toolkit\Tests\Feature\Traits\ApiResponseTraitFeature)::Success response integration" class="Simtabi\Laranail\Toolkit\Tests\Feature\Traits\ApiResponseTraitFeatureTest" classname="Simtabi.Laranail.Toolkit.Tests.Feature.Traits.ApiResponseTraitFeatureTest" assertions="6" time="0.141141"/>
        <testcase name="Error response integration" file="Api Response Trait Feature (Simtabi\Laranail\Toolkit\Tests\Feature\Traits\ApiResponseTraitFeature)::Error response integration" class="Simtabi\Laranail\Toolkit\Tests\Feature\Traits\ApiResponseTraitFeatureTest" classname="Simtabi.Laranail.Toolkit.Tests.Feature.Traits.ApiResponseTraitFeatureTest" assertions="6" time="0.130729"/>
        <testcase name="Exception response integration" file="Api Response Trait Feature (Simtabi\Laranail\Toolkit\Tests\Feature\Traits\ApiResponseTraitFeature)::Exception response integration" class="Simtabi\Laranail\Toolkit\Tests\Feature\Traits\ApiResponseTraitFeatureTest" classname="Simtabi.Laranail.Toolkit.Tests.Feature.Traits.ApiResponseTraitFeatureTest" assertions="8" time="0.140986"/>
        <testcase name="Response headers are correct" file="Api Response Trait Feature (Simtabi\Laranail\Toolkit\Tests\Feature\Traits\ApiResponseTraitFeature)::Response headers are correct" class="Simtabi\Laranail\Toolkit\Tests\Feature\Traits\ApiResponseTraitFeatureTest" classname="Simtabi.Laranail.Toolkit.Tests.Feature.Traits.ApiResponseTraitFeatureTest" assertions="2" time="0.132052"/>
        <testcase name="Nested data integrity" file="Api Response Trait Feature (Simtabi\Laranail\Toolkit\Tests\Feature\Traits\ApiResponseTraitFeature)::Nested data integrity" class="Simtabi\Laranail\Toolkit\Tests\Feature\Traits\ApiResponseTraitFeatureTest" classname="Simtabi.Laranail.Toolkit.Tests.Feature.Traits.ApiResponseTraitFeatureTest" assertions="6" time="0.135153"/>
        <testcase name="Debug mode affects error response" file="Api Response Trait Feature (Simtabi\Laranail\Toolkit\Tests\Feature\Traits\ApiResponseTraitFeature)::Debug mode affects error response" class="Simtabi\Laranail\Toolkit\Tests\Feature\Traits\ApiResponseTraitFeatureTest" classname="Simtabi.Laranail.Toolkit.Tests.Feature.Traits.ApiResponseTraitFeatureTest" assertions="2" time="0.134900"/>
        <testcase name="Large data response performance" file="Api Response Trait Feature (Simtabi\Laranail\Toolkit\Tests\Feature\Traits\ApiResponseTraitFeature)::Large data response performance" class="Simtabi\Laranail\Toolkit\Tests\Feature\Traits\ApiResponseTraitFeatureTest" classname="Simtabi.Laranail.Toolkit.Tests.Feature.Traits.ApiResponseTraitFeatureTest" assertions="3" time="0.134471"/>
        <testcase name="Paginated response integration" file="Api Response Trait Feature (Simtabi\Laranail\Toolkit\Tests\Feature\Traits\ApiResponseTraitFeature)::Paginated response integration" class="Simtabi\Laranail\Toolkit\Tests\Feature\Traits\ApiResponseTraitFeatureTest" classname="Simtabi.Laranail.Toolkit.Tests.Feature.Traits.ApiResponseTraitFeatureTest" assertions="11" time="0.138743"/>
      </testsuite>
      <testsuite name="Simtabi\Laranail\Toolkit\Tests\Feature\Traits\AuditableTest" file="Auditable (Simtabi\Laranail\Toolkit\Tests\Feature\Traits\Auditable)" tests="2" assertions="4" errors="0" failures="0" skipped="0" time="0.299424">
        <testcase name="Create audit redacts hidden attributes" file="Auditable (Simtabi\Laranail\Toolkit\Tests\Feature\Traits\Auditable)::Create audit redacts hidden attributes" class="Simtabi\Laranail\Toolkit\Tests\Feature\Traits\AuditableTest" classname="Simtabi.Laranail.Toolkit.Tests.Feature.Traits.AuditableTest" assertions="3" time="0.156781"/>
        <testcase name="Audit failure does not break the model write" file="Auditable (Simtabi\Laranail\Toolkit\Tests\Feature\Traits\Auditable)::Audit failure does not break the model write" class="Simtabi\Laranail\Toolkit\Tests\Feature\Traits\AuditableTest" classname="Simtabi.Laranail.Toolkit.Tests.Feature.Traits.AuditableTest" assertions="1" time="0.142643"/>
      </testsuite>
      <testsuite name="Simtabi\Laranail\Toolkit\Tests\Feature\Traits\HasAvatarTest" file="Has Avatar (Simtabi\Laranail\Toolkit\Tests\Feature\Traits\HasAvatar)" tests="5" assertions="9" errors="0" failures="0" skipped="0" time="0.699738">
        <testcase name="Gravatar is null without an email" file="Has Avatar (Simtabi\Laranail\Toolkit\Tests\Feature\Traits\HasAvatar)::Gravatar is null without an email" class="Simtabi\Laranail\Toolkit\Tests\Feature\Traits\HasAvatarTest" classname="Simtabi.Laranail.Toolkit.Tests.Feature.Traits.HasAvatarTest" assertions="1" time="0.147690"/>
        <testcase name="Get avatar falls back to gravatar when no stored avatar" file="Has Avatar (Simtabi\Laranail\Toolkit\Tests\Feature\Traits\HasAvatar)::Get avatar falls back to gravatar when no stored avatar" class="Simtabi\Laranail\Toolkit\Tests\Feature\Traits\HasAvatarTest" classname="Simtabi.Laranail.Toolkit.Tests.Feature.Traits.HasAvatarTest" assertions="2" time="0.138437"/>
        <testcase name="Get avatar is null when no avatar and no email" file="Has Avatar (Simtabi\Laranail\Toolkit\Tests\Feature\Traits\HasAvatar)::Get avatar is null when no avatar and no email" class="Simtabi\Laranail\Toolkit\Tests\Feature\Traits\HasAvatarTest" classname="Simtabi.Laranail.Toolkit.Tests.Feature.Traits.HasAvatarTest" assertions="1" time="0.136285"/>
        <testcase name="Get avatar returns stored value when present" file="Has Avatar (Simtabi\Laranail\Toolkit\Tests\Feature\Traits\HasAvatar)::Get avatar returns stored value when present" class="Simtabi\Laranail\Toolkit\Tests\Feature\Traits\HasAvatarTest" classname="Simtabi.Laranail.Toolkit.Tests.Feature.Traits.HasAvatarTest" assertions="1" time="0.138972"/>
        <testcase name="Gravatar builds a url from the email attribute" file="Has Avatar (Simtabi\Laranail\Toolkit\Tests\Feature\Traits\HasAvatar)::Gravatar builds a url from the email attribute" class="Simtabi\Laranail\Toolkit\Tests\Feature\Traits\HasAvatarTest" classname="Simtabi.Laranail.Toolkit.Tests.Feature.Traits.HasAvatarTest" assertions="4" time="0.138354"/>
      </testsuite>
      <testsuite name="Simtabi\Laranail\Toolkit\Tests\Feature\Traits\HasFormattersTest" file="Has Formatters (Simtabi\Laranail\Toolkit\Tests\Feature\Traits\HasFormatters)" tests="10" assertions="16" errors="0" failures="0" skipped="0" time="1.383574">
        <testcase name="Formatted created at is null without value" file="Has Formatters (Simtabi\Laranail\Toolkit\Tests\Feature\Traits\HasFormatters)::Formatted created at is null without value" class="Simtabi\Laranail\Toolkit\Tests\Feature\Traits\HasFormattersTest" classname="Simtabi.Laranail.Toolkit.Tests.Feature.Traits.HasFormattersTest" assertions="1" time="0.145589"/>
        <testcase name="Format address joins non empty components" file="Has Formatters (Simtabi\Laranail\Toolkit\Tests\Feature\Traits\HasFormatters)::Format address joins non empty components" class="Simtabi\Laranail\Toolkit\Tests\Feature\Traits\HasFormattersTest" classname="Simtabi.Laranail.Toolkit.Tests.Feature.Traits.HasFormattersTest" assertions="1" time="0.137023"/>
        <testcase name="Format address line omits empty second line" file="Has Formatters (Simtabi\Laranail\Toolkit\Tests\Feature\Traits\HasFormatters)::Format address line omits empty second line" class="Simtabi\Laranail\Toolkit\Tests\Feature\Traits\HasFormattersTest" classname="Simtabi.Laranail.Toolkit.Tests.Feature.Traits.HasFormattersTest" assertions="2" time="0.131796"/>
        <testcase name="Excerpt truncates content" file="Has Formatters (Simtabi\Laranail\Toolkit\Tests\Feature\Traits\HasFormatters)::Excerpt truncates content" class="Simtabi\Laranail\Toolkit\Tests\Feature\Traits\HasFormattersTest" classname="Simtabi.Laranail.Toolkit.Tests.Feature.Traits.HasFormattersTest" assertions="1" time="0.133930"/>
        <testcase name="Formatted created at uses custom format" file="Has Formatters (Simtabi\Laranail\Toolkit\Tests\Feature\Traits\HasFormatters)::Formatted created at uses custom format" class="Simtabi\Laranail\Toolkit\Tests\Feature\Traits\HasFormattersTest" classname="Simtabi.Laranail.Toolkit.Tests.Feature.Traits.HasFormattersTest" assertions="1" time="0.147373"/>
        <testcase name="Formatted full name capitalises parts" file="Has Formatters (Simtabi\Laranail\Toolkit\Tests\Feature\Traits\HasFormatters)::Formatted full name capitalises parts" class="Simtabi\Laranail\Toolkit\Tests\Feature\Traits\HasFormattersTest" classname="Simtabi.Laranail.Toolkit.Tests.Feature.Traits.HasFormattersTest" assertions="1" time="0.139975"/>
        <testcase name="Formatted username prefixes at or returns false" file="Has Formatters (Simtabi\Laranail\Toolkit\Tests\Feature\Traits\HasFormatters)::Formatted username prefixes at or returns false" class="Simtabi\Laranail\Toolkit\Tests\Feature\Traits\HasFormattersTest" classname="Simtabi.Laranail.Toolkit.Tests.Feature.Traits.HasFormattersTest" assertions="2" time="0.135148"/>
        <testcase name="Formatted content strips html and truncates" file="Has Formatters (Simtabi\Laranail\Toolkit\Tests\Feature\Traits\HasFormatters)::Formatted content strips html and truncates" class="Simtabi\Laranail\Toolkit\Tests\Feature\Traits\HasFormattersTest" classname="Simtabi.Laranail.Toolkit.Tests.Feature.Traits.HasFormattersTest" assertions="3" time="0.137789"/>
        <testcase name="Suggest username returns first available candidate" file="Has Formatters (Simtabi\Laranail\Toolkit\Tests\Feature\Traits\HasFormatters)::Suggest username returns first available candidate" class="Simtabi\Laranail\Toolkit\Tests\Feature\Traits\HasFormattersTest" classname="Simtabi.Laranail.Toolkit.Tests.Feature.Traits.HasFormattersTest" assertions="3" time="0.140912"/>
        <testcase name="Format city state zip" file="Has Formatters (Simtabi\Laranail\Toolkit\Tests\Feature\Traits\HasFormatters)::Format city state zip" class="Simtabi\Laranail\Toolkit\Tests\Feature\Traits\HasFormattersTest" classname="Simtabi.Laranail.Toolkit.Tests.Feature.Traits.HasFormattersTest" assertions="1" time="0.134038"/>
      </testsuite>
    </testsuite>
    <testsuite name="Regression" tests="5" assertions="8" errors="0" failures="0" skipped="0" time="0.483202">
      <testsuite name="Simtabi\Laranail\Toolkit\Tests\Regression\ApiSurfaceTest" file="Api Surface (Simtabi\Laranail\Toolkit\Tests\Regression\ApiSurface)" tests="2" assertions="2" errors="0" failures="0" skipped="0" time="0.066601">
        <testcase name="No legacy symbol is lost without being recorded" file="Api Surface (Simtabi\Laranail\Toolkit\Tests\Regression\ApiSurface)::No legacy symbol is lost without being recorded" class="Simtabi\Laranail\Toolkit\Tests\Regression\ApiSurfaceTest" classname="Simtabi.Laranail.Toolkit.Tests.Regression.ApiSurfaceTest" assertions="1" time="0.049060"/>
        <testcase name="Allowlist has no stale entries" file="Api Surface (Simtabi\Laranail\Toolkit\Tests\Regression\ApiSurface)::Allowlist has no stale entries" class="Simtabi\Laranail\Toolkit\Tests\Regression\ApiSurfaceTest" classname="Simtabi.Laranail.Toolkit.Tests.Regression.ApiSurfaceTest" assertions="1" time="0.017541"/>
      </testsuite>
      <testsuite name="Simtabi\Laranail\Toolkit\Tests\Regression\ParityTest" file="Parity (Simtabi\Laranail\Toolkit\Tests\Regression\Parity)" tests="3" assertions="6" errors="0" failures="0" skipped="0" time="0.416601">
        <testcase name="Gravatar url contract is stable" file="Parity (Simtabi\Laranail\Toolkit\Tests\Regression\Parity)::Gravatar url contract is stable" class="Simtabi\Laranail\Toolkit\Tests\Regression\ParityTest" classname="Simtabi.Laranail.Toolkit.Tests.Regression.ParityTest" assertions="2" time="0.133799"/>
        <testcase name="Gravatar defaults to https" file="Parity (Simtabi\Laranail\Toolkit\Tests\Regression\Parity)::Gravatar defaults to https" class="Simtabi\Laranail\Toolkit\Tests\Regression\ParityTest" classname="Simtabi.Laranail.Toolkit.Tests.Regression.ParityTest" assertions="1" time="0.131245"/>
        <testcase name="Avatar data uri is a png data url" file="Parity (Simtabi\Laranail\Toolkit\Tests\Regression\Parity)::Avatar data uri is a png data url" class="Simtabi\Laranail\Toolkit\Tests\Regression\ParityTest" classname="Simtabi.Laranail.Toolkit.Tests.Regression.ParityTest" assertions="3" time="0.151557"/>
      </testsuite>
    </testsuite>
  </testsuite>
</testsuites>
